Release 14.7 - xst P.20131013 (nt64)
Copyright (c) 1995-2013 Xilinx, Inc.  All rights reserved.
--> Parameter TMPDIR set to xst/projnav.tmp


Total REAL time to Xst completion: 0.00 secs
Total CPU time to Xst completion: 0.09 secs
 
--> Parameter xsthdpdir set to xst


Total REAL time to Xst completion: 0.00 secs
Total CPU time to Xst completion: 0.09 secs
 
--> Reading design: dem_2so_ud_ss_ht_7doan.prj

TABLE OF CONTENTS
  1) Synthesis Options Summary
  2) HDL Parsing
  3) HDL Elaboration
  4) HDL Synthesis
       4.1) HDL Synthesis Report
  5) Advanced HDL Synthesis
       5.1) Advanced HDL Synthesis Report
  6) Low Level Synthesis
  7) Partition Report
  8) Design Summary
       8.1) Primitive and Black Box Usage
       8.2) Device utilization summary
       8.3) Partition Resource Summary
       8.4) Timing Report
            8.4.1) Clock Information
            8.4.2) Asynchronous Control Signals Information
            8.4.3) Timing Summary
            8.4.4) Timing Details
            8.4.5) Cross Clock Domains Report


=========================================================================
*                      Synthesis Options Summary                        *
=========================================================================
---- Source Parameters
Input File Name                    : "dem_2so_ud_ss_ht_7doan.prj"
Ignore Synthesis Constraint File   : NO

---- Target Parameters
Output File Name                   : "dem_2so_ud_ss_ht_7doan"
Output Format                      : NGC
Target Device                      : xc6slx9-3-tqg144

---- Source Options
Top Module Name                    : dem_2so_ud_ss_ht_7doan
Automatic FSM Extraction           : YES
FSM Encoding Algorithm             : Auto
Safe Implementation                : No
FSM Style                          : LUT
RAM Extraction                     : Yes
RAM Style                          : Auto
ROM Extraction                     : Yes
Shift Register Extraction          : YES
ROM Style                          : Auto
Resource Sharing                   : YES
Asynchronous To Synchronous        : NO
Shift Register Minimum Size        : 2
Use DSP Block                      : Auto
Automatic Register Balancing       : No

---- Target Options
LUT Combining                      : Auto
Reduce Control Sets                : Auto
Add IO Buffers                     : YES
Global Maximum Fanout              : 100000
Add Generic Clock Buffer(BUFG)     : 16
Register Duplication               : YES
Optimize Instantiated Primitives   : NO
Use Clock Enable                   : Auto
Use Synchronous Set                : Auto
Use Synchronous Reset              : Auto
Pack IO Registers into IOBs        : Auto
Equivalent register Removal        : YES

---- General Options
Optimization Goal                  : Speed
Optimization Effort                : 1
Power Reduction                    : NO
Keep Hierarchy                     : No
Netlist Hierarchy                  : As_Optimized
RTL Output                         : Yes
Global Optimization                : AllClockNets
Read Cores                         : YES
Write Timing Constraints           : NO
Cross Clock Analysis               : NO
Hierarchy Separator                : /
Bus Delimiter                      : <>
Case Specifier                     : Maintain
Slice Utilization Ratio            : 100
BRAM Utilization Ratio             : 100
DSP48 Utilization Ratio            : 100
Auto BRAM Packing                  : NO
Slice Utilization Ratio Delta      : 5

=========================================================================


=========================================================================
*                          HDL Parsing                                  *
=========================================================================
Parsing VHDL file "C:\Users\Hau Tran\Desktop\common_use\GT_HT_8LED\giaima_7doan_ena.vhd" into library work
Parsing entity <giaima_7doan_ena>.
Parsing architecture <Behavioral> of entity <giaima_7doan_ena>.
Parsing VHDL file "C:\Users\Hau Tran\Desktop\common_use\GT_HT_8LED\giaima_38h.vhd" into library work
Parsing entity <giaima_38h>.
Parsing architecture <Behavioral> of entity <giaima_38h>.
Parsing VHDL file "C:\Users\Hau Tran\Desktop\common_use\GT_HT_8LED\dem_3bits.vhd" into library work
Parsing entity <dem_3bits>.
Parsing architecture <Behavioral> of entity <dem_3bits>.
Parsing VHDL file "C:\Users\Hau Tran\Desktop\common_use\GT_HT_8LED\dahop_8kenh.vhd" into library work
Parsing entity <dahop_8kenh>.
Parsing architecture <Behavioral> of entity <dahop_8kenh>.
Parsing VHDL file "C:\Users\Hau Tran\Desktop\vhdl\dem_2so_ss_ud_ht_7doan\dem_2so_ss_ud.vhd" into library work
Parsing entity <dem_2so_ss_ud>.
Parsing architecture <Behavioral> of entity <dem_2so_ss_ud>.
Parsing VHDL file "C:\Users\Hau Tran\Desktop\common_use\GT_HT_8LED\GM_HT_8LED.vhd" into library work
Parsing entity <GM_HT_8LED>.
Parsing architecture <Behavioral> of entity <gm_ht_8led>.
Parsing VHDL file "C:\Users\Hau Tran\Desktop\common_use\CHIA_CK1HZ_CK10HZ.vhd" into library work
Parsing entity <CHIA_CK1HZ_CK10HZ>.
Parsing architecture <Behavioral> of entity <chia_ck1hz_ck10hz>.
Parsing VHDL file "C:\Users\Hau Tran\Desktop\vhdl\dem_2so_ss_ud_ht_7doan\dem_2so_ud_ss_ht_7doan.vhd" into library work
Parsing entity <dem_2so_ud_ss_ht_7doan>.
Parsing architecture <Behavioral> of entity <dem_2so_ud_ss_ht_7doan>.

=========================================================================
*                            HDL Elaboration                            *
=========================================================================

Elaborating entity <dem_2so_ud_ss_ht_7doan> (architecture <Behavioral>) from library <work>.

Elaborating entity <CHIA_CK1HZ_CK10HZ> (architecture <Behavioral>) from library <work>.

Elaborating entity <dem_2so_ss_ud> (architecture <Behavioral>) from library <work>.

Elaborating entity <GM_HT_8LED> (architecture <Behavioral>) from library <work>.

Elaborating entity <dem_3bits> (architecture <Behavioral>) from library <work>.

Elaborating entity <giaima_38h> (architecture <Behavioral>) from library <work>.

Elaborating entity <dahop_8kenh> (architecture <Behavioral>) from library <work>.

Elaborating entity <giaima_7doan_ena> (architecture <Behavioral>) from library <work>.

=========================================================================
*                           HDL Synthesis                               *
=========================================================================

Synthesizing Unit <dem_2so_ud_ss_ht_7doan>.
    Related source file is "C:\Users\Hau Tran\Desktop\vhdl\dem_2so_ss_ud_ht_7doan\dem_2so_ud_ss_ht_7doan.vhd".
    Summary:
	inferred   1 Multiplexer(s).
Unit <dem_2so_ud_ss_ht_7doan> synthesized.

Synthesizing Unit <CHIA_CK1HZ_CK10HZ>.
    Related source file is "C:\Users\Hau Tran\Desktop\common_use\CHIA_CK1HZ_CK10HZ.vhd".
    Found 24-bit register for signal <d5hz_r>.
    Found 16-bit register for signal <d1khz_r>.
    Found 26-bit register for signal <d1hz_r>.
    Found 27-bit adder for signal <n0022> created at line 56.
    Found 25-bit adder for signal <n0023> created at line 57.
    Found 16-bit adder for signal <d1khz_n> created at line 58.
    Summary:
	inferred   3 Adder/Subtractor(s).
	inferred  66 D-type flip-flop(s).
Unit <CHIA_CK1HZ_CK10HZ> synthesized.

Synthesizing Unit <dem_2so_ss_ud>.
    Related source file is "C:\Users\Hau Tran\Desktop\vhdl\dem_2so_ss_ud_ht_7doan\dem_2so_ss_ud.vhd".
    Found 1-bit register for signal <donvi_r<3>>.
    Found 1-bit register for signal <donvi_r<2>>.
    Found 1-bit register for signal <donvi_r<1>>.
    Found 1-bit register for signal <donvi_r<0>>.
    Found 1-bit register for signal <chuc_r<3>>.
    Found 1-bit register for signal <chuc_r<2>>.
    Found 1-bit register for signal <chuc_r<1>>.
    Found 1-bit register for signal <chuc_r<0>>.
    Found 4-bit adder for signal <chuc_r[3]_GND_7_o_add_9_OUT> created at line 1241.
    Found 4-bit adder for signal <donvi_r[3]_GND_7_o_add_10_OUT> created at line 1241.
    Found 4-bit subtractor for signal <GND_7_o_GND_7_o_sub_19_OUT<3:0>> created at line 1308.
    Found 4-bit subtractor for signal <GND_7_o_GND_7_o_sub_20_OUT<3:0>> created at line 1308.
    Summary:
	inferred   2 Adder/Subtractor(s).
	inferred   8 D-type flip-flop(s).
	inferred  26 Multiplexer(s).
Unit <dem_2so_ss_ud> synthesized.

Synthesizing Unit <GM_HT_8LED>.
    Related source file is "C:\Users\Hau Tran\Desktop\common_use\GT_HT_8LED\GM_HT_8LED.vhd".
    Summary:
	no macro.
Unit <GM_HT_8LED> synthesized.

Synthesizing Unit <dem_3bits>.
    Related source file is "C:\Users\Hau Tran\Desktop\common_use\GT_HT_8LED\dem_3bits.vhd".
    Found 3-bit register for signal <q_r>.
    Found 3-bit adder for signal <q_r[2]_GND_9_o_add_1_OUT> created at line 1241.
    Summary:
	inferred   1 Adder/Subtractor(s).
	inferred   3 D-type flip-flop(s).
Unit <dem_3bits> synthesized.

Synthesizing Unit <giaima_38h>.
    Related source file is "C:\Users\Hau Tran\Desktop\common_use\GT_HT_8LED\giaima_38h.vhd".
    Found 8x8-bit Read Only RAM for signal <o>
    Summary:
	inferred   1 RAM(s).
Unit <giaima_38h> synthesized.

Synthesizing Unit <dahop_8kenh>.
    Related source file is "C:\Users\Hau Tran\Desktop\common_use\GT_HT_8LED\dahop_8kenh.vhd".
    Found 4-bit 8-to-1 multiplexer for signal <o> created at line 56.
    Summary:
	inferred   1 Multiplexer(s).
Unit <dahop_8kenh> synthesized.

Synthesizing Unit <giaima_7doan_ena>.
    Related source file is "C:\Users\Hau Tran\Desktop\common_use\GT_HT_8LED\giaima_7doan_ena.vhd".
    Summary:
	inferred   1 Multiplexer(s).
Unit <giaima_7doan_ena> synthesized.

=========================================================================
HDL Synthesis Report

Macro Statistics
# RAMs                                                 : 1
 8x8-bit single-port Read Only RAM                     : 1
# Adders/Subtractors                                   : 6
 16-bit adder                                          : 1
 25-bit adder                                          : 1
 27-bit adder                                          : 1
 3-bit adder                                           : 1
 4-bit addsub                                          : 2
# Registers                                            : 12
 1-bit register                                        : 8
 16-bit register                                       : 1
 24-bit register                                       : 1
 26-bit register                                       : 1
 3-bit register                                        : 1
# Multiplexers                                         : 29
 1-bit 2-to-1 multiplexer                              : 1
 4-bit 2-to-1 multiplexer                              : 26
 4-bit 8-to-1 multiplexer                              : 1
 8-bit 2-to-1 multiplexer                              : 1

=========================================================================
INFO:Xst:1767 - HDL ADVISOR - Resource sharing has identified that some arithmetic operations in this design can share the same physical resources for reduced device utilization. For improved clock frequency you may try to disable resource sharing.

=========================================================================
*                       Advanced HDL Synthesis                          *
=========================================================================


Synthesizing (advanced) Unit <CHIA_CK1HZ_CK10HZ>.
The following registers are absorbed into counter <d5hz_r>: 1 register on signal <d5hz_r>.
The following registers are absorbed into counter <d1khz_r>: 1 register on signal <d1khz_r>.
The following registers are absorbed into counter <d1hz_r>: 1 register on signal <d1hz_r>.
Unit <CHIA_CK1HZ_CK10HZ> synthesized (advanced).

Synthesizing (advanced) Unit <dem_3bits>.
The following registers are absorbed into counter <q_r>: 1 register on signal <q_r>.
Unit <dem_3bits> synthesized (advanced).

Synthesizing (advanced) Unit <giaima_38h>.
INFO:Xst:3218 - HDL ADVISOR - The RAM <Mram_o> will be implemented on LUTs either because you have described an asynchronous read or because of currently unsupported block RAM features. If you have described an asynchronous read, making it synchronous would allow you to take advantage of available block RAM resources, for optimized device usage and improved timings. Please refer to your documentation for coding guidelines.
    -----------------------------------------------------------------------
    | ram_type           | Distributed                         |          |
    -----------------------------------------------------------------------
    | Port A                                                              |
    |     aspect ratio   | 8-word x 8-bit                      |          |
    |     weA            | connected to signal <GND>           | high     |
    |     addrA          | connected to signal <i>             |          |
    |     diA            | connected to signal <GND>           |          |
    |     doA            | connected to signal <o>             |          |
    -----------------------------------------------------------------------
Unit <giaima_38h> synthesized (advanced).

=========================================================================
Advanced HDL Synthesis Report

Macro Statistics
# RAMs                                                 : 1
 8x8-bit single-port distributed Read Only RAM         : 1
# Adders/Subtractors                                   : 2
 4-bit addsub                                          : 2
# Counters                                             : 4
 16-bit up counter                                     : 1
 24-bit up counter                                     : 1
 26-bit up counter                                     : 1
 3-bit up counter                                      : 1
# Registers                                            : 8
 Flip-Flops                                            : 8
# Multiplexers                                         : 28
 4-bit 2-to-1 multiplexer                              : 26
 4-bit 8-to-1 multiplexer                              : 1
 8-bit 2-to-1 multiplexer                              : 1

=========================================================================

=========================================================================
*                         Low Level Synthesis                           *
=========================================================================
WARNING:Xst:3002 - This design contains one or more registers/latches that are directly
   incompatible with the Spartan6 architecture. The two primary causes of this is
   either a register or latch described with both an asynchronous set and
   asynchronous reset, or a register or latch described with an asynchronous
   set or reset which however has an initialization value of the opposite 
   polarity (i.e. asynchronous reset with an initialization value of 1).
    While this circuit can be built, it creates a sub-optimal implementation
   in terms of area, power and performance. For a more optimal implementation
   Xilinx highly recommends one of the following:

          1) Remove either the set or reset from all registers and latches
             if not needed for required functionality
          2) Modify the code in order to produce a synchronous set
             and/or reset (both is preferred)
          3) Ensure all registers have the same initialization value as the
             described asynchronous set or reset polarity
          4) Use the -async_to_sync option to transform the asynchronous
             set/reset to synchronous operation
             (timing simulation highly recommended when using this option)

  Please refer to http://www.xilinx.com search string "Spartan6 asynchronous set/reset" for more details.

  List of register instances with asynchronous set and reset:
    donvi_r_3 in unit <dem_2so_ss_ud>
    chuc_r_3 in unit <dem_2so_ss_ud>
    chuc_r_0 in unit <dem_2so_ss_ud>
    donvi_r_0 in unit <dem_2so_ss_ud>


Optimizing unit <dem_2so_ud_ss_ht_7doan> ...

Optimizing unit <CHIA_CK1HZ_CK10HZ> ...

Optimizing unit <dem_2so_ss_ud> ...

Mapping all equations...
Building and optimizing final netlist ...
Found area constraint ratio of 100 (+ 5) on block dem_2so_ud_ss_ht_7doan, actual ratio is 3.

Final Macro Processing ...

=========================================================================
Final Register Report

Macro Statistics
# Registers                                            : 81
 Flip-Flops                                            : 81

=========================================================================

=========================================================================
*                           Partition Report                            *
=========================================================================

Partition Implementation Status
-------------------------------

  No Partitions were found in this design.

-------------------------------

=========================================================================
*                            Design Summary                             *
=========================================================================

Top Level Output File Name         : dem_2so_ud_ss_ht_7doan.ngc

Primitive and Black Box Usage:
------------------------------
# BELS                             : 296
#      GND                         : 1
#      INV                         : 7
#      LUT1                        : 63
#      LUT2                        : 3
#      LUT3                        : 17
#      LUT4                        : 13
#      LUT5                        : 15
#      LUT6                        : 43
#      MUXCY                       : 63
#      MUXF7                       : 4
#      VCC                         : 1
#      XORCY                       : 66
# FlipFlops/Latches                : 82
#      FD                          : 16
#      FDC                         : 8
#      FDE                         : 3
#      FDP                         : 4
#      FDR                         : 48
#      FDS                         : 2
#      LDC                         : 1
# Clock Buffers                    : 1
#      BUFGP                       : 1
# IO Buffers                       : 20
#      IBUF                        : 4
#      OBUF                        : 16

Device utilization summary:
---------------------------

Selected Device : 6slx9tqg144-3 


Slice Logic Utilization: 
 Number of Slice Registers:              82  out of  11440     0%  
 Number of Slice LUTs:                  161  out of   5720     2%  
    Number used as Logic:               161  out of   5720     2%  

Slice Logic Distribution: 
 Number of LUT Flip Flop pairs used:    213
   Number with an unused Flip Flop:     131  out of    213    61%  
   Number with an unused LUT:            52  out of    213    24%  
   Number of fully used LUT-FF pairs:    30  out of    213    14%  
   Number of unique control sets:         8

IO Utilization: 
 Number of IOs:                          21
 Number of bonded IOBs:                  21  out of    102    20%  

Specific Feature Utilization:
 Number of BUFG/BUFGCTRLs:                1  out of     16     6%  

---------------------------
Partition Resource Summary:
---------------------------

  No Partitions were found in this design.

---------------------------


=========================================================================
Timing Report

NOTE: THESE TIMING NUMBERS ARE ONLY A SYNTHESIS ESTIMATE.
      FOR ACCURATE TIMING INFORMATION PLEASE REFER TO THE TRACE REPORT
      GENERATED AFTER PLACE-and-ROUTE.

Clock Information:
------------------
---------------------------------------------------------+---------------------------+-------+
Clock Signal                                             | Clock buffer(FF name)     | Load  |
---------------------------------------------------------+---------------------------+-------+
CKHT                                                     | BUFGP                     | 81    |
IC2/rst_chuc_r[3]_AND_16_o(IC2/rst_chuc_r[3]_AND_16_o1:O)| NONE(*)(IC2/donvi_r_3_LDC)| 1     |
---------------------------------------------------------+---------------------------+-------+
(*) This 1 clock signal(s) are generated by combinatorial logic,
and XST is not able to identify which are the primary clock signals.
Please use the CLOCK_SIGNAL constraint to specify the clock signal(s) generated by combinatorial logic.
INFO:Xst:2169 - HDL ADVISOR - Some clock signals were not automatically buffered by XST with BUFG/BUFR resources. Please use the buffer_type constraint in order to insert these buffers to the clock signals to help prevent skew problems.

Asynchronous Control Signals Information:
----------------------------------------
No asynchronous control signals found in this design

Timing Summary:
---------------
Speed Grade: -3

   Minimum period: 9.722ns (Maximum Frequency: 102.854MHz)
   Minimum input arrival time before clock: 5.921ns
   Maximum output required time after clock: 7.241ns
   Maximum combinational path delay: No path found

Timing Details:
---------------
All values displayed in nanoseconds (ns)

=========================================================================
Timing constraint: Default period analysis for Clock 'CKHT'
  Clock period: 9.722ns (frequency: 102.854MHz)
  Total number of paths / destination ports: 3708 / 134
-------------------------------------------------------------------------
Delay:               4.861ns (Levels of Logic = 4)
  Source:            IC1/d5hz_r_14 (FF)
  Destination:       IC2/donvi_r_1 (FF)
  Source Clock:      CKHT falling
  Destination Clock: CKHT rising

  Data Path: IC1/d5hz_r_14 to IC2/donvi_r_1
                                Gate     Net
    Cell:in->out      fanout   Delay   Delay  Logical Name (Net Name)
    ----------------------------------------  ------------
     FDR:C->Q              2   0.447   0.961  IC1/d5hz_r_14 (IC1/d5hz_r_14)
     LUT5:I0->O            1   0.203   0.827  Mmux_ena_db12 (Mmux_ena_db11)
     LUT6:I2->O           11   0.203   0.883  Mmux_ena_db15 (Mmux_ena_db14)
     LUT5:I4->O            1   0.205   0.827  Mmux_ena_db18 (ena_db)
     LUT6:I2->O            1   0.203   0.000  IC2/Mmux_donvi_n_rs_xor<1>11 (IC2/donvi_n<1>)
     FDC:D                     0.102          IC2/donvi_r_1
    ----------------------------------------
    Total                      4.861ns (1.363ns logic, 3.498ns route)
                                       (28.0% logic, 72.0% route)

=========================================================================
Timing constraint: Default OFFSET IN BEFORE for Clock 'IC2/rst_chuc_r[3]_AND_16_o'
  Total number of paths / destination ports: 2 / 1
-------------------------------------------------------------------------
Offset:              3.664ns (Levels of Logic = 2)
  Source:            sw<1> (PAD)
  Destination:       IC2/donvi_r_3_LDC (LATCH)
  Destination Clock: IC2/rst_chuc_r[3]_AND_16_o falling

  Data Path: sw<1> to IC2/donvi_r_3_LDC
                                Gate     Net
    Cell:in->out      fanout   Delay   Delay  Logical Name (Net Name)
    ----------------------------------------  ------------
     IBUF:I->O            20   1.222   1.093  sw_1_IBUF (sw_1_IBUF)
     LUT2:I1->O            5   0.205   0.714  IC2/rst_chuc_r[3]_AND_17_o1 (IC2/rst_chuc_r[3]_AND_17_o)
     LDC:CLR                   0.430          IC2/donvi_r_3_LDC
    ----------------------------------------
    Total                      3.664ns (1.857ns logic, 1.807ns route)
                                       (50.7% logic, 49.3% route)

=========================================================================
Timing constraint: Default OFFSET IN BEFORE for Clock 'CKHT'
  Total number of paths / destination ports: 110 / 24
-------------------------------------------------------------------------
Offset:              5.921ns (Levels of Logic = 5)
  Source:            sw<1> (PAD)
  Destination:       IC2/chuc_r_3_C_3 (FF)
  Destination Clock: CKHT rising

  Data Path: sw<1> to IC2/chuc_r_3_C_3
                                Gate     Net
    Cell:in->out      fanout   Delay   Delay  Logical Name (Net Name)
    ----------------------------------------  ------------
     IBUF:I->O            20   1.222   1.321  sw_1_IBUF (sw_1_IBUF)
     LUT6:I3->O            4   0.205   0.788  IC2/Mmux_chuc_n_rs_lut<0>1_SW0 (N23)
     LUT6:I4->O            2   0.203   0.864  IC2/Mmux_chuc_n_rs_xor<3>11_SW0 (N34)
     LUT5:I1->O            1   0.203   0.808  Mmux_ena_db18_SW16 (N64)
     LUT6:I3->O            2   0.205   0.000  IC2/Mmux_chuc_n_rs_xor<3>11 (IC2/chuc_n<3>)
     FDC:D                     0.102          IC2/chuc_r_3_C_3
    ----------------------------------------
    Total                      5.921ns (2.140ns logic, 3.781ns route)
                                       (36.1% logic, 63.9% route)

=========================================================================
Timing constraint: Default OFFSET OUT AFTER for Clock 'CKHT'
  Total number of paths / destination ports: 164 / 15
-------------------------------------------------------------------------
Offset:              6.761ns (Levels of Logic = 4)
  Source:            IC2/donvi_r_3_C_3 (FF)
  Destination:       sseg<5> (PAD)
  Source Clock:      CKHT rising

  Data Path: IC2/donvi_r_3_C_3 to sseg<5>
                                Gate     Net
    Cell:in->out      fanout   Delay   Delay  Logical Name (Net Name)
    ----------------------------------------  ------------
     FDC:C->Q              4   0.447   0.788  IC2/donvi_r_3_C_3 (IC2/donvi_r_3_C_3)
     LUT3:I1->O            6   0.203   0.745  IC2/donvi_r_31 (IC2/donvi_r_3)
     LUT6:I5->O            7   0.205   1.021  IC3/K3/Mmux_o41 (IC3/so_gma<3>)
     LUT4:I0->O            1   0.203   0.579  IC3/K4/ss7<2>1 (sseg_5_OBUF)
     OBUF:I->O                 2.571          sseg_5_OBUF (sseg<5>)
    ----------------------------------------
    Total                      6.761ns (3.629ns logic, 3.132ns route)
                                       (53.7% logic, 46.3% route)

=========================================================================
Timing constraint: Default OFFSET OUT AFTER for Clock 'IC2/rst_chuc_r[3]_AND_16_o'
  Total number of paths / destination ports: 28 / 7
-------------------------------------------------------------------------
Offset:              7.241ns (Levels of Logic = 4)
  Source:            IC2/donvi_r_3_LDC (LATCH)
  Destination:       sseg<4> (PAD)
  Source Clock:      IC2/rst_chuc_r[3]_AND_16_o falling

  Data Path: IC2/donvi_r_3_LDC to sseg<4>
                                Gate     Net
    Cell:in->out      fanout   Delay   Delay  Logical Name (Net Name)
    ----------------------------------------  ------------
     LDC:G->Q             14   0.498   1.186  IC2/donvi_r_3_LDC (IC2/donvi_r_3_LDC)
     LUT3:I0->O            7   0.205   0.774  IC2/chuc_r_01 (IC2/chuc_r_0)
     LUT6:I5->O            7   0.205   1.021  IC3/K3/Mmux_o11 (IC3/so_gma<0>)
     LUT4:I0->O            1   0.203   0.579  IC3/K4/ss7<3>1 (sseg_4_OBUF)
     OBUF:I->O                 2.571          sseg_4_OBUF (sseg<4>)
    ----------------------------------------
    Total                      7.241ns (3.682ns logic, 3.559ns route)
                                       (50.8% logic, 49.2% route)

=========================================================================

Cross Clock Domains Report:
--------------------------

Clock to Setup on destination clock CKHT
--------------------------+---------+---------+---------+---------+
                          | Src:Rise| Src:Fall| Src:Rise| Src:Fall|
Source Clock              |Dest:Rise|Dest:Rise|Dest:Fall|Dest:Fall|
--------------------------+---------+---------+---------+---------+
CKHT                      |    7.693|    4.861|    7.158|         |
IC2/rst_chuc_r[3]_AND_16_o|         |    8.145|         |         |
--------------------------+---------+---------+---------+---------+

=========================================================================


Total REAL time to Xst completion: 4.00 secs
Total CPU time to Xst completion: 4.00 secs
 
--> 

Total memory usage is 4504000 kilobytes

Number of errors   :    0 (   0 filtered)
Number of warnings :    1 (   0 filtered)
Number of infos    :    3 (   0 filtered)

