Release 14.7 - xst P.20131013 (nt64)
Copyright (c) 1995-2013 Xilinx, Inc.  All rights reserved.
--> Parameter TMPDIR set to xst/projnav.tmp


Total REAL time to Xst completion: 0.00 secs
Total CPU time to Xst completion: 0.08 secs
 
--> Parameter xsthdpdir set to xst


Total REAL time to Xst completion: 0.00 secs
Total CPU time to Xst completion: 0.08 secs
 
--> Reading design: DEM_BINARY_4BITS.prj

TABLE OF CONTENTS
  1) Synthesis Options Summary
  2) HDL Parsing
  3) HDL Elaboration
  4) HDL Synthesis
       4.1) HDL Synthesis Report
  5) Advanced HDL Synthesis
       5.1) Advanced HDL Synthesis Report
  6) Low Level Synthesis
  7) Partition Report
  8) Design Summary
       8.1) Primitive and Black Box Usage
       8.2) Device utilization summary
       8.3) Partition Resource Summary
       8.4) Timing Report
            8.4.1) Clock Information
            8.4.2) Asynchronous Control Signals Information
            8.4.3) Timing Summary
            8.4.4) Timing Details
            8.4.5) Cross Clock Domains Report


=========================================================================
*                      Synthesis Options Summary                        *
=========================================================================
---- Source Parameters
Input File Name                    : "DEM_BINARY_4BITS.prj"
Ignore Synthesis Constraint File   : NO

---- Target Parameters
Output File Name                   : "DEM_BINARY_4BITS"
Output Format                      : NGC
Target Device                      : xc6slx9-3-tqg144

---- Source Options
Top Module Name                    : DEM_BINARY_4BITS
Automatic FSM Extraction           : YES
FSM Encoding Algorithm             : Auto
Safe Implementation                : No
FSM Style                          : LUT
RAM Extraction                     : Yes
RAM Style                          : Auto
ROM Extraction                     : Yes
Shift Register Extraction          : YES
ROM Style                          : Auto
Resource Sharing                   : YES
Asynchronous To Synchronous        : NO
Shift Register Minimum Size        : 2
Use DSP Block                      : Auto
Automatic Register Balancing       : No

---- Target Options
LUT Combining                      : Auto
Reduce Control Sets                : Auto
Add IO Buffers                     : YES
Global Maximum Fanout              : 100000
Add Generic Clock Buffer(BUFG)     : 16
Register Duplication               : YES
Optimize Instantiated Primitives   : NO
Use Clock Enable                   : Auto
Use Synchronous Set                : Auto
Use Synchronous Reset              : Auto
Pack IO Registers into IOBs        : Auto
Equivalent register Removal        : YES

---- General Options
Optimization Goal                  : Speed
Optimization Effort                : 1
Power Reduction                    : NO
Keep Hierarchy                     : No
Netlist Hierarchy                  : As_Optimized
RTL Output                         : Yes
Global Optimization                : AllClockNets
Read Cores                         : YES
Write Timing Constraints           : NO
Cross Clock Analysis               : NO
Hierarchy Separator                : /
Bus Delimiter                      : <>
Case Specifier                     : Maintain
Slice Utilization Ratio            : 100
BRAM Utilization Ratio             : 100
DSP48 Utilization Ratio            : 100
Auto BRAM Packing                  : NO
Slice Utilization Ratio Delta      : 5

=========================================================================


=========================================================================
*                          HDL Parsing                                  *
=========================================================================
Parsing VHDL file "C:\Users\Hau Tran\Desktop\vhdl\dem_4bti_db_ena1hz\DEM_4BITS.vhd" into library work
Parsing entity <DEM_4BITS>.
Parsing architecture <Behavioral> of entity <dem_4bits>.
Parsing VHDL file "C:\Users\Hau Tran\Desktop\vhdl\CHIA_1XUNG_ENA1HZ\CHIA_ENA1HZ_MODULE.vhd" into library work
Parsing entity <CHIA_ENA1HZ_MODULE>.
Parsing architecture <Behavioral> of entity <chia_ena1hz_module>.
Parsing VHDL file "C:\Users\Hau Tran\Desktop\vhdl\dem_4bti_db_ena1hz\DEM_BINARY_4BITS.vhd" into library work
Parsing entity <DEM_BINARY_4BITS>.
Parsing architecture <Behavioral> of entity <dem_binary_4bits>.

=========================================================================
*                            HDL Elaboration                            *
=========================================================================

Elaborating entity <DEM_BINARY_4BITS> (architecture <Behavioral>) from library <work>.

Elaborating entity <CHIA_ENA1HZ_MODULE> (architecture <Behavioral>) from library <work>.

Elaborating entity <DEM_4BITS> (architecture <Behavioral>) from library <work>.

=========================================================================
*                           HDL Synthesis                               *
=========================================================================

Synthesizing Unit <DEM_BINARY_4BITS>.
    Related source file is "C:\Users\Hau Tran\Desktop\vhdl\dem_4bti_db_ena1hz\DEM_BINARY_4BITS.vhd".
    Summary:
	no macro.
Unit <DEM_BINARY_4BITS> synthesized.

Synthesizing Unit <CHIA_ENA1HZ_MODULE>.
    Related source file is "C:\Users\Hau Tran\Desktop\vhdl\CHIA_1XUNG_ENA1HZ\CHIA_ENA1HZ_MODULE.vhd".
    Found 26-bit register for signal <d1hz_r>.
    Found 27-bit adder for signal <n0009> created at line 49.
    Summary:
	inferred   1 Adder/Subtractor(s).
	inferred  26 D-type flip-flop(s).
Unit <CHIA_ENA1HZ_MODULE> synthesized.

Synthesizing Unit <DEM_4BITS>.
    Related source file is "C:\Users\Hau Tran\Desktop\vhdl\dem_4bti_db_ena1hz\DEM_4BITS.vhd".
    Found 4-bit register for signal <q_r>.
    Found 4-bit adder for signal <q_r[3]_GND_7_o_add_1_OUT> created at line 1241.
    Summary:
	inferred   1 Adder/Subtractor(s).
	inferred   4 D-type flip-flop(s).
Unit <DEM_4BITS> synthesized.

=========================================================================
HDL Synthesis Report

Macro Statistics
# Adders/Subtractors                                   : 2
 27-bit adder                                          : 1
 4-bit adder                                           : 1
# Registers                                            : 2
 26-bit register                                       : 1
 4-bit register                                        : 1

=========================================================================

=========================================================================
*                       Advanced HDL Synthesis                          *
=========================================================================


Synthesizing (advanced) Unit <CHIA_ENA1HZ_MODULE>.
The following registers are absorbed into counter <d1hz_r>: 1 register on signal <d1hz_r>.
Unit <CHIA_ENA1HZ_MODULE> synthesized (advanced).

Synthesizing (advanced) Unit <DEM_4BITS>.
The following registers are absorbed into counter <q_r>: 1 register on signal <q_r>.
Unit <DEM_4BITS> synthesized (advanced).

=========================================================================
Advanced HDL Synthesis Report

Macro Statistics
# Counters                                             : 2
 26-bit up counter                                     : 1
 4-bit up counter                                      : 1

=========================================================================

=========================================================================
*                         Low Level Synthesis                           *
=========================================================================

Optimizing unit <DEM_BINARY_4BITS> ...

Mapping all equations...
Building and optimizing final netlist ...
Found area constraint ratio of 100 (+ 5) on block DEM_BINARY_4BITS, actual ratio is 0.

Final Macro Processing ...

=========================================================================
Final Register Report

Macro Statistics
# Registers                                            : 30
 Flip-Flops                                            : 30

=========================================================================

=========================================================================
*                           Partition Report                            *
=========================================================================

Partition Implementation Status
-------------------------------

  No Partitions were found in this design.

-------------------------------

=========================================================================
*                            Design Summary                             *
=========================================================================

Top Level Output File Name         : DEM_BINARY_4BITS.ngc

Primitive and Black Box Usage:
------------------------------
# BELS                             : 124
#      GND                         : 1
#      INV                         : 3
#      LUT1                        : 25
#      LUT2                        : 27
#      LUT3                        : 1
#      LUT4                        : 1
#      LUT6                        : 14
#      MUXCY                       : 25
#      VCC                         : 1
#      XORCY                       : 26
# FlipFlops/Latches                : 30
#      FD                          : 26
#      FDCE                        : 4
# Clock Buffers                    : 1
#      BUFGP                       : 1
# IO Buffers                       : 5
#      IBUF                        : 1
#      OBUF                        : 4

Device utilization summary:
---------------------------

Selected Device : 6slx9tqg144-3 


Slice Logic Utilization: 
 Number of Slice Registers:              30  out of  11440     0%  
 Number of Slice LUTs:                   71  out of   5720     1%  
    Number used as Logic:                71  out of   5720     1%  

Slice Logic Distribution: 
 Number of LUT Flip Flop pairs used:     71
   Number with an unused Flip Flop:      41  out of     71    57%  
   Number with an unused LUT:             0  out of     71     0%  
   Number of fully used LUT-FF pairs:    30  out of     71    42%  
   Number of unique control sets:         2

IO Utilization: 
 Number of IOs:                           6
 Number of bonded IOBs:                   6  out of    102     5%  

Specific Feature Utilization:
 Number of BUFG/BUFGCTRLs:                1  out of     16     6%  

---------------------------
Partition Resource Summary:
---------------------------

  No Partitions were found in this design.

---------------------------


=========================================================================
Timing Report

NOTE: THESE TIMING NUMBERS ARE ONLY A SYNTHESIS ESTIMATE.
      FOR ACCURATE TIMING INFORMATION PLEASE REFER TO THE TRACE REPORT
      GENERATED AFTER PLACE-and-ROUTE.

Clock Information:
------------------
-----------------------------------+------------------------+-------+
Clock Signal                       | Clock buffer(FF name)  | Load  |
-----------------------------------+------------------------+-------+
CKHT                               | BUFGP                  | 30    |
-----------------------------------+------------------------+-------+

Asynchronous Control Signals Information:
----------------------------------------
No asynchronous control signals found in this design

Timing Summary:
---------------
Speed Grade: -3

   Minimum period: 4.007ns (Maximum Frequency: 249.566MHz)
   Minimum input arrival time before clock: 3.119ns
   Maximum output required time after clock: 3.732ns
   Maximum combinational path delay: No path found

Timing Details:
---------------
All values displayed in nanoseconds (ns)

=========================================================================
Timing constraint: Default period analysis for Clock 'CKHT'
  Clock period: 4.007ns (frequency: 249.566MHz)
  Total number of paths / destination ports: 1141 / 34
-------------------------------------------------------------------------
Delay:               4.007ns (Levels of Logic = 3)
  Source:            IC1/d1hz_r_7 (FF)
  Destination:       IC1/d1hz_r_1 (FF)
  Source Clock:      CKHT falling
  Destination Clock: CKHT falling

  Data Path: IC1/d1hz_r_7 to IC1/d1hz_r_1
                                Gate     Net
    Cell:in->out      fanout   Delay   Delay  Logical Name (Net Name)
    ----------------------------------------  ------------
     FD:C->Q               3   0.447   1.015  IC1/d1hz_r_7 (IC1/d1hz_r_7)
     LUT6:I0->O            3   0.203   0.898  IC1/PWR_4_o_d1hz_r[25]_equal_2_o<25>_SW0 (N01)
     LUT6:I2->O           13   0.203   0.933  IC1/PWR_4_o_d1hz_r[25]_equal_2_o<25> (IC1/PWR_4_o_d1hz_r[25]_equal_2_o)
     LUT2:I1->O            1   0.205   0.000  IC1/d1hz_r_1_rstpot (IC1/d1hz_r_1_rstpot)
     FD:D                      0.102          IC1/d1hz_r_1
    ----------------------------------------
    Total                      4.007ns (1.160ns logic, 2.847ns route)
                                       (28.9% logic, 71.1% route)

=========================================================================
Timing constraint: Default OFFSET IN BEFORE for Clock 'CKHT'
  Total number of paths / destination ports: 4 / 4
-------------------------------------------------------------------------
Offset:              3.119ns (Levels of Logic = 2)
  Source:            button (PAD)
  Destination:       IC2/q_r_0 (FF)
  Destination Clock: CKHT falling

  Data Path: button to IC2/q_r_0
                                Gate     Net
    Cell:in->out      fanout   Delay   Delay  Logical Name (Net Name)
    ----------------------------------------  ------------
     IBUF:I->O             1   1.222   0.579  button_IBUF (button_IBUF)
     INV:I->O              4   0.206   0.683  button_inv1_INV_0 (button_inv)
     FDCE:CLR                  0.430          IC2/q_r_0
    ----------------------------------------
    Total                      3.119ns (1.858ns logic, 1.261ns route)
                                       (59.6% logic, 40.4% route)

=========================================================================
Timing constraint: Default OFFSET OUT AFTER for Clock 'CKHT'
  Total number of paths / destination ports: 4 / 4
-------------------------------------------------------------------------
Offset:              3.732ns (Levels of Logic = 1)
  Source:            IC2/q_r_0 (FF)
  Destination:       led<0> (PAD)
  Source Clock:      CKHT falling

  Data Path: IC2/q_r_0 to led<0>
                                Gate     Net
    Cell:in->out      fanout   Delay   Delay  Logical Name (Net Name)
    ----------------------------------------  ------------
     FDCE:C->Q             5   0.447   0.714  IC2/q_r_0 (IC2/q_r_0)
     OBUF:I->O                 2.571          led_0_OBUF (led<0>)
    ----------------------------------------
    Total                      3.732ns (3.018ns logic, 0.714ns route)
                                       (80.9% logic, 19.1% route)

=========================================================================

Cross Clock Domains Report:
--------------------------

Clock to Setup on destination clock CKHT
---------------+---------+---------+---------+---------+
               | Src:Rise| Src:Fall| Src:Rise| Src:Fall|
Source Clock   |Dest:Rise|Dest:Rise|Dest:Fall|Dest:Fall|
---------------+---------+---------+---------+---------+
CKHT           |         |         |    4.007|         |
---------------+---------+---------+---------+---------+

=========================================================================


Total REAL time to Xst completion: 4.00 secs
Total CPU time to Xst completion: 3.61 secs
 
--> 

Total memory usage is 4487420 kilobytes

Number of errors   :    0 (   0 filtered)
Number of warnings :    0 (   0 filtered)
Number of infos    :    0 (   0 filtered)

