Running: fuse.exe -relaunch -intstyle "ise" -incremental -lib "secureip" -o "C:/Users/Hau Tran/Desktop/alu/ALU_update_ver1.0/ALU_test_ver1_isim_beh.exe" -prj "C:/Users/Hau Tran/Desktop/alu/ALU_update_ver1.0/ALU_test_ver1_beh.prj" "work.ALU_test_ver1" 
ISim P.20131013 (signature 0x7708f090)
Number of CPUs detected in this system: 16
Turning on mult-threading, number of parallel sub-compilation jobs: 32 
Determining compilation order of HDL files
Parsing VHDL file "C:/Users/Hau Tran/Desktop/alu/ALU_update_ver1.0/ALU_update_ver1.vhd" into library work
Parsing VHDL file "C:/Users/Hau Tran/Desktop/alu/ALU_update_ver1.0/ALU_test_ver1.vhd" into library work
Starting static elaboration
Completed static elaboration
Compiling package standard
Compiling package std_logic_1164
Compiling package std_logic_arith
Compiling package std_logic_unsigned
Compiling package numeric_std
Compiling architecture behavioral of entity ALU [\ALU(1)\]
Compiling architecture behavior of entity alu_test_ver1
Time Resolution for simulation is 1ps.
Compiled 8 VHDL Units
Built simulation executable C:/Users/Hau Tran/Desktop/alu/ALU_update_ver1.0/ALU_test_ver1_isim_beh.exe
Fuse Memory Usage: 37312 KB
Fuse CPU Usage: 358 ms
