--------------------------------------------------------------------------------
Release 14.7 Trace  (nt64)
Copyright (c) 1995-2013 Xilinx, Inc.  All rights reserved.

C:\Xilinx\14.7\ISE_DS\ISE\bin\nt64\unwrapped\trce.exe -intstyle ise -v 3 -s 3
-n 3 -fastpaths -xml hai_ma_bcd_4so_led_7doan.twx hai_ma_bcd_4so_led_7doan.ncd
-o hai_ma_bcd_4so_led_7doan.twr hai_ma_bcd_4so_led_7doan.pcf -ucf
dem_8_7doan.ucf

Design file:              hai_ma_bcd_4so_led_7doan.ncd
Physical constraint file: hai_ma_bcd_4so_led_7doan.pcf
Device,package,speed:     xc6slx9,tqg144,C,-3 (PRODUCTION 1.23 2013-10-13)
Report level:             verbose report

Environment Variable      Effect 
--------------------      ------ 
NONE                      No environment variables were set
--------------------------------------------------------------------------------

INFO:Timing:2698 - No timing constraints found, doing default enumeration.
INFO:Timing:3412 - To improve timing, see the Timing Closure User Guide (UG612).
INFO:Timing:2752 - To get complete path coverage, use the unconstrained paths 
   option. All paths that are not constrained will be reported in the 
   unconstrained paths section(s) of the report.
INFO:Timing:3339 - The clock-to-out numbers in this timing report are based on 
   a 50 Ohm transmission line loading model.  For the details of this model, 
   and for more information on accounting for different loading conditions, 
   please see the device datasheet.



Data Sheet report:
-----------------
All values displayed in nanoseconds (ns)

Setup/Hold to clock CKHT
------------+------------+------------+------------+------------+------------------+--------+
            |Max Setup to|  Process   |Max Hold to |  Process   |                  | Clock  |
Source      | clk (edge) |   Corner   | clk (edge) |   Corner   |Internal Clock(s) | Phase  |
------------+------------+------------+------------+------------+------------------+--------+
btn<0>      |    2.632(F)|      SLOW  |   -0.939(F)|      FAST  |CKHT_BUFGP        |   0.000|
btn<1>      |    2.517(R)|      SLOW  |   -0.815(R)|      FAST  |CKHT_BUFGP        |   0.000|
sw<0>       |    2.822(F)|      SLOW  |   -0.854(F)|      FAST  |CKHT_BUFGP        |   0.000|
sw<1>       |    1.704(R)|      SLOW  |    0.135(R)|      SLOW  |CKHT_BUFGP        |   0.000|
------------+------------+------------+------------+------------+------------------+--------+

Clock CKHT to Pad
------------+-----------------+------------+-----------------+------------+------------------+--------+
            |Max (slowest) clk|  Process   |Min (fastest) clk|  Process   |                  | Clock  |
Destination |  (edge) to PAD  |   Corner   |  (edge) to PAD  |   Corner   |Internal Clock(s) | Phase  |
------------+-----------------+------------+-----------------+------------+------------------+--------+
anode<0>    |        11.276(F)|      SLOW  |         5.972(F)|      FAST  |CKHT_BUFGP        |   0.000|
anode<1>    |        11.102(F)|      SLOW  |         5.887(F)|      FAST  |CKHT_BUFGP        |   0.000|
anode<2>    |        11.562(F)|      SLOW  |         6.081(F)|      FAST  |CKHT_BUFGP        |   0.000|
anode<3>    |        11.388(F)|      SLOW  |         5.996(F)|      FAST  |CKHT_BUFGP        |   0.000|
anode<4>    |         9.592(F)|      SLOW  |         4.917(F)|      FAST  |CKHT_BUFGP        |   0.000|
anode<5>    |         9.881(F)|      SLOW  |         5.119(F)|      FAST  |CKHT_BUFGP        |   0.000|
anode<6>    |         9.449(F)|      SLOW  |         4.888(F)|      FAST  |CKHT_BUFGP        |   0.000|
anode<7>    |         9.770(F)|      SLOW  |         5.107(F)|      FAST  |CKHT_BUFGP        |   0.000|
sseg<0>     |        11.915(R)|      SLOW  |         5.668(R)|      FAST  |CKHT_BUFGP        |   0.000|
            |        11.232(F)|      SLOW  |         5.578(F)|      FAST  |CKHT_BUFGP        |   0.000|
sseg<1>     |        11.977(R)|      SLOW  |         5.561(R)|      FAST  |CKHT_BUFGP        |   0.000|
            |        11.440(F)|      SLOW  |         5.609(F)|      FAST  |CKHT_BUFGP        |   0.000|
sseg<2>     |        11.609(R)|      SLOW  |         5.574(R)|      FAST  |CKHT_BUFGP        |   0.000|
            |        11.095(F)|      SLOW  |         5.490(F)|      FAST  |CKHT_BUFGP        |   0.000|
sseg<3>     |        12.127(R)|      SLOW  |         5.832(R)|      FAST  |CKHT_BUFGP        |   0.000|
            |        11.444(F)|      SLOW  |         5.742(F)|      FAST  |CKHT_BUFGP        |   0.000|
sseg<4>     |        11.699(R)|      SLOW  |         5.727(R)|      FAST  |CKHT_BUFGP        |   0.000|
            |        11.322(F)|      SLOW  |         5.704(F)|      FAST  |CKHT_BUFGP        |   0.000|
sseg<5>     |        11.581(R)|      SLOW  |         5.612(R)|      FAST  |CKHT_BUFGP        |   0.000|
            |        11.067(F)|      SLOW  |         5.528(F)|      FAST  |CKHT_BUFGP        |   0.000|
sseg<6>     |        11.610(R)|      SLOW  |         5.635(R)|      FAST  |CKHT_BUFGP        |   0.000|
            |        11.233(F)|      SLOW  |         5.612(F)|      FAST  |CKHT_BUFGP        |   0.000|
------------+-----------------+------------+-----------------+------------+------------------+--------+

Clock to Setup on destination clock CKHT
---------------+---------+---------+---------+---------+
               | Src:Rise| Src:Fall| Src:Rise| Src:Fall|
Source Clock   |Dest:Rise|Dest:Rise|Dest:Fall|Dest:Fall|
---------------+---------+---------+---------+---------+
CKHT           |    4.323|    2.734|         |    3.888|
---------------+---------+---------+---------+---------+


Analysis completed Mon Aug 07 13:48:16 2023 
--------------------------------------------------------------------------------

Trace Settings:
-------------------------
Trace Settings 

Peak Memory Usage: 4572 MB



