--------------------------------------------------------------------------------
Release 14.7 Trace  (nt64)
Copyright (c) 1995-2013 Xilinx, Inc.  All rights reserved.

C:\Xilinx\14.7\ISE_DS\ISE\bin\nt64\unwrapped\trce.exe -intstyle ise -v 3 -s 3
-n 3 -fastpaths -xml DEM_1SO_SS_UD_HT_7DOAN.twx DEM_1SO_SS_UD_HT_7DOAN.ncd -o
DEM_1SO_SS_UD_HT_7DOAN.twr DEM_1SO_SS_UD_HT_7DOAN.pcf -ucf t.ucf

Design file:              DEM_1SO_SS_UD_HT_7DOAN.ncd
Physical constraint file: DEM_1SO_SS_UD_HT_7DOAN.pcf
Device,package,speed:     xc6slx9,tqg144,C,-3 (PRODUCTION 1.23 2013-10-13)
Report level:             verbose report

Environment Variable      Effect 
--------------------      ------ 
NONE                      No environment variables were set
--------------------------------------------------------------------------------

INFO:Timing:2698 - No timing constraints found, doing default enumeration.
INFO:Timing:3412 - To improve timing, see the Timing Closure User Guide (UG612).
INFO:Timing:2752 - To get complete path coverage, use the unconstrained paths 
   option. All paths that are not constrained will be reported in the 
   unconstrained paths section(s) of the report.
INFO:Timing:3339 - The clock-to-out numbers in this timing report are based on 
   a 50 Ohm transmission line loading model.  For the details of this model, 
   and for more information on accounting for different loading conditions, 
   please see the device datasheet.



Data Sheet report:
-----------------
All values displayed in nanoseconds (ns)

Clock CKHT to Pad
------------+-----------------+------------+-----------------+------------+------------------+--------+
            |Max (slowest) clk|  Process   |Min (fastest) clk|  Process   |                  | Clock  |
Destination |  (edge) to PAD  |   Corner   |  (edge) to PAD  |   Corner   |Internal Clock(s) | Phase  |
------------+-----------------+------------+-----------------+------------+------------------+--------+
anode<0>    |         8.794(F)|      SLOW  |         4.421(F)|      FAST  |CKHT_BUFGP        |   0.000|
anode<1>    |         9.106(F)|      SLOW  |         4.615(F)|      FAST  |CKHT_BUFGP        |   0.000|
anode<2>    |         8.871(F)|      SLOW  |         4.519(F)|      FAST  |CKHT_BUFGP        |   0.000|
anode<3>    |         9.151(F)|      SLOW  |         4.717(F)|      FAST  |CKHT_BUFGP        |   0.000|
anode<4>    |         8.640(F)|      SLOW  |         4.365(F)|      FAST  |CKHT_BUFGP        |   0.000|
anode<5>    |         8.720(F)|      SLOW  |         4.440(F)|      FAST  |CKHT_BUFGP        |   0.000|
anode<6>    |         8.505(F)|      SLOW  |         4.351(F)|      FAST  |CKHT_BUFGP        |   0.000|
anode<7>    |         8.558(F)|      SLOW  |         4.399(F)|      FAST  |CKHT_BUFGP        |   0.000|
sseg<6>     |         9.304(F)|      SLOW  |         4.903(F)|      FAST  |CKHT_BUFGP        |   0.000|
sseg<7>     |         8.613(F)|      SLOW  |         4.411(F)|      FAST  |CKHT_BUFGP        |   0.000|
------------+-----------------+------------+-----------------+------------+------------------+--------+

Clock to Setup on destination clock CKHT
---------------+---------+---------+---------+---------+
               | Src:Rise| Src:Fall| Src:Rise| Src:Fall|
Source Clock   |Dest:Rise|Dest:Rise|Dest:Fall|Dest:Fall|
---------------+---------+---------+---------+---------+
CKHT           |         |         |         |    2.479|
---------------+---------+---------+---------+---------+


Analysis completed Sun Aug 13 19:58:36 2023 
--------------------------------------------------------------------------------

Trace Settings:
-------------------------
Trace Settings 

Peak Memory Usage: 4572 MB



