--------------------------------------------------------------------------------
Release 14.7 Trace  (nt64)
Copyright (c) 1995-2013 Xilinx, Inc.  All rights reserved.

C:\Xilinx\14.7\ISE_DS\ISE\bin\nt64\unwrapped\trce.exe -intstyle ise -v 3 -s 3
-n 3 -fastpaths -xml decode_ver1.twx decode_ver1.ncd -o decode_ver1.twr
decode_ver1.pcf

Design file:              decode_ver1.ncd
Physical constraint file: decode_ver1.pcf
Device,package,speed:     xc6slx9,tqg144,C,-3 (PRODUCTION 1.23 2013-10-13)
Report level:             verbose report

Environment Variable      Effect 
--------------------      ------ 
NONE                      No environment variables were set
--------------------------------------------------------------------------------

INFO:Timing:2698 - No timing constraints found, doing default enumeration.
INFO:Timing:3412 - To improve timing, see the Timing Closure User Guide (UG612).
INFO:Timing:2752 - To get complete path coverage, use the unconstrained paths 
   option. All paths that are not constrained will be reported in the 
   unconstrained paths section(s) of the report.
INFO:Timing:3339 - The clock-to-out numbers in this timing report are based on 
   a 50 Ohm transmission line loading model.  For the details of this model, 
   and for more information on accounting for different loading conditions, 
   please see the device datasheet.



Data Sheet report:
-----------------
All values displayed in nanoseconds (ns)

Pad to Pad
---------------+---------------+---------+
Source Pad     |Destination Pad|  Delay  |
---------------+---------------+---------+
switch<0>      |led<0>         |    6.900|
switch<0>      |led<1>         |    6.787|
switch<0>      |led<2>         |    7.069|
switch<0>      |led<3>         |    6.881|
switch<1>      |led<0>         |    6.747|
switch<1>      |led<1>         |    6.634|
switch<1>      |led<2>         |    6.962|
switch<1>      |led<3>         |    6.774|
switch<2>      |led<4>         |    6.691|
switch<2>      |led<5>         |    6.498|
switch<2>      |led<6>         |    6.540|
switch<2>      |led<7>         |    6.594|
switch<3>      |led<4>         |    6.803|
switch<3>      |led<5>         |    6.610|
switch<3>      |led<6>         |    6.394|
switch<3>      |led<7>         |    6.448|
---------------+---------------+---------+


Analysis completed Tue Jul 18 19:43:03 2023 
--------------------------------------------------------------------------------

Trace Settings:
-------------------------
Trace Settings 

Peak Memory Usage: 4572 MB



