Release 14.7 - xst P.20131013 (nt64)
Copyright (c) 1995-2013 Xilinx, Inc.  All rights reserved.
--> Parameter TMPDIR set to xst/projnav.tmp


Total REAL time to Xst completion: 0.00 secs
Total CPU time to Xst completion: 0.09 secs
 
--> Parameter xsthdpdir set to xst


Total REAL time to Xst completion: 0.00 secs
Total CPU time to Xst completion: 0.09 secs
 
--> Reading design: blinking_led.prj

TABLE OF CONTENTS
  1) Synthesis Options Summary
  2) HDL Parsing
  3) HDL Elaboration
  4) HDL Synthesis
       4.1) HDL Synthesis Report
  5) Advanced HDL Synthesis
       5.1) Advanced HDL Synthesis Report
  6) Low Level Synthesis
  7) Partition Report
  8) Design Summary
       8.1) Primitive and Black Box Usage
       8.2) Device utilization summary
       8.3) Partition Resource Summary
       8.4) Timing Report
            8.4.1) Clock Information
            8.4.2) Asynchronous Control Signals Information
            8.4.3) Timing Summary
            8.4.4) Timing Details
            8.4.5) Cross Clock Domains Report


=========================================================================
*                      Synthesis Options Summary                        *
=========================================================================
---- Source Parameters
Input File Name                    : "blinking_led.prj"
Ignore Synthesis Constraint File   : NO

---- Target Parameters
Output File Name                   : "blinking_led"
Output Format                      : NGC
Target Device                      : xc6slx9-3-tqg144

---- Source Options
Top Module Name                    : blinking_led
Automatic FSM Extraction           : YES
FSM Encoding Algorithm             : Auto
Safe Implementation                : No
FSM Style                          : LUT
RAM Extraction                     : Yes
RAM Style                          : Auto
ROM Extraction                     : Yes
Shift Register Extraction          : YES
ROM Style                          : Auto
Resource Sharing                   : YES
Asynchronous To Synchronous        : NO
Shift Register Minimum Size        : 2
Use DSP Block                      : Auto
Automatic Register Balancing       : No

---- Target Options
LUT Combining                      : Auto
Reduce Control Sets                : Auto
Add IO Buffers                     : YES
Global Maximum Fanout              : 100000
Add Generic Clock Buffer(BUFG)     : 16
Register Duplication               : YES
Optimize Instantiated Primitives   : NO
Use Clock Enable                   : Auto
Use Synchronous Set                : Auto
Use Synchronous Reset              : Auto
Pack IO Registers into IOBs        : Auto
Equivalent register Removal        : YES

---- General Options
Optimization Goal                  : Speed
Optimization Effort                : 1
Power Reduction                    : NO
Keep Hierarchy                     : No
Netlist Hierarchy                  : As_Optimized
RTL Output                         : Yes
Global Optimization                : AllClockNets
Read Cores                         : YES
Write Timing Constraints           : NO
Cross Clock Analysis               : NO
Hierarchy Separator                : /
Bus Delimiter                      : <>
Case Specifier                     : Maintain
Slice Utilization Ratio            : 100
BRAM Utilization Ratio             : 100
DSP48 Utilization Ratio            : 100
Auto BRAM Packing                  : NO
Slice Utilization Ratio Delta      : 5

=========================================================================


=========================================================================
*                          HDL Parsing                                  *
=========================================================================
Parsing VHDL file "C:\Users\Hau Tran\Desktop\vhdl\led_blinking\blinking_led.vhd" into library work
Parsing entity <blinking_led>.
Parsing architecture <Behavioral> of entity <blinking_led>.

=========================================================================
*                            HDL Elaboration                            *
=========================================================================

Elaborating entity <blinking_led> (architecture <Behavioral>) with generics from library <work>.

=========================================================================
*                           HDL Synthesis                               *
=========================================================================

Synthesizing Unit <blinking_led>.
    Related source file is "C:\Users\Hau Tran\Desktop\vhdl\led_blinking\blinking_led.vhd".
        NUM_LEDS = 8
        CLOCK = 100000000
        BLINK_RATE = 2
    Found 8-bit register for signal <led_reg>.
    Found 26-bit register for signal <count_reg>.
    Found 26-bit adder for signal <count_reg[25]_GND_5_o_add_2_OUT> created at line 1241.
    Summary:
	inferred   1 Adder/Subtractor(s).
	inferred  34 D-type flip-flop(s).
Unit <blinking_led> synthesized.

=========================================================================
HDL Synthesis Report

Macro Statistics
# Adders/Subtractors                                   : 1
 26-bit adder                                          : 1
# Registers                                            : 2
 26-bit register                                       : 1
 8-bit register                                        : 1

=========================================================================

=========================================================================
*                       Advanced HDL Synthesis                          *
=========================================================================


Synthesizing (advanced) Unit <blinking_led>.
The following registers are absorbed into counter <count_reg>: 1 register on signal <count_reg>.
Unit <blinking_led> synthesized (advanced).

=========================================================================
Advanced HDL Synthesis Report

Macro Statistics
# Counters                                             : 1
 26-bit up counter                                     : 1
# Registers                                            : 8
 Flip-Flops                                            : 8

=========================================================================

=========================================================================
*                         Low Level Synthesis                           *
=========================================================================

Optimizing unit <blinking_led> ...
INFO:Xst:2261 - The FF/Latch <led_reg_0> in Unit <blinking_led> is equivalent to the following 7 FFs/Latches, which will be removed : <led_reg_1> <led_reg_2> <led_reg_3> <led_reg_4> <led_reg_5> <led_reg_6> <led_reg_7> 

Mapping all equations...
Building and optimizing final netlist ...
Found area constraint ratio of 100 (+ 5) on block blinking_led, actual ratio is 0.

Final Macro Processing ...

=========================================================================
Final Register Report

Macro Statistics
# Registers                                            : 27
 Flip-Flops                                            : 27

=========================================================================

=========================================================================
*                           Partition Report                            *
=========================================================================

Partition Implementation Status
-------------------------------

  No Partitions were found in this design.

-------------------------------

=========================================================================
*                            Design Summary                             *
=========================================================================

Top Level Output File Name         : blinking_led.ngc

Primitive and Black Box Usage:
------------------------------
# BELS                             : 114
#      GND                         : 1
#      INV                         : 1
#      LUT1                        : 25
#      LUT2                        : 28
#      LUT6                        : 7
#      MUXCY                       : 25
#      VCC                         : 1
#      XORCY                       : 26
# FlipFlops/Latches                : 27
#      FD                          : 27
# Clock Buffers                    : 1
#      BUFGP                       : 1
# IO Buffers                       : 9
#      IBUF                        : 1
#      OBUF                        : 8

Device utilization summary:
---------------------------

Selected Device : 6slx9tqg144-3 


Slice Logic Utilization: 
 Number of Slice Registers:              27  out of  11440     0%  
 Number of Slice LUTs:                   61  out of   5720     1%  
    Number used as Logic:                61  out of   5720     1%  

Slice Logic Distribution: 
 Number of LUT Flip Flop pairs used:     61
   Number with an unused Flip Flop:      34  out of     61    55%  
   Number with an unused LUT:             0  out of     61     0%  
   Number of fully used LUT-FF pairs:    27  out of     61    44%  
   Number of unique control sets:         1

IO Utilization: 
 Number of IOs:                          10
 Number of bonded IOBs:                  10  out of    102     9%  

Specific Feature Utilization:
 Number of BUFG/BUFGCTRLs:                1  out of     16     6%  

---------------------------
Partition Resource Summary:
---------------------------

  No Partitions were found in this design.

---------------------------


=========================================================================
Timing Report

NOTE: THESE TIMING NUMBERS ARE ONLY A SYNTHESIS ESTIMATE.
      FOR ACCURATE TIMING INFORMATION PLEASE REFER TO THE TRACE REPORT
      GENERATED AFTER PLACE-and-ROUTE.

Clock Information:
------------------
-----------------------------------+------------------------+-------+
Clock Signal                       | Clock buffer(FF name)  | Load  |
-----------------------------------+------------------------+-------+
clk                                | BUFGP                  | 27    |
-----------------------------------+------------------------+-------+

Asynchronous Control Signals Information:
----------------------------------------
No asynchronous control signals found in this design

Timing Summary:
---------------
Speed Grade: -3

   Minimum period: 3.998ns (Maximum Frequency: 250.150MHz)
   Minimum input arrival time before clock: 3.671ns
   Maximum output required time after clock: 3.847ns
   Maximum combinational path delay: No path found

Timing Details:
---------------
All values displayed in nanoseconds (ns)

=========================================================================
Timing constraint: Default period analysis for Clock 'clk'
  Clock period: 3.998ns (frequency: 250.150MHz)
  Total number of paths / destination ports: 1054 / 27
-------------------------------------------------------------------------
Delay:               3.998ns (Levels of Logic = 3)
  Source:            count_reg_20 (FF)
  Destination:       count_reg_0 (FF)
  Source Clock:      clk rising
  Destination Clock: clk rising

  Data Path: count_reg_20 to count_reg_0
                                Gate     Net
    Cell:in->out      fanout   Delay   Delay  Logical Name (Net Name)
    ----------------------------------------  ------------
     FD:C->Q               2   0.447   0.981  count_reg_20 (count_reg_20)
     LUT6:I0->O            3   0.203   0.898  count_reg[25]_PWR_5_o_equal_6_o<25>1 (count_reg[25]_PWR_5_o_equal_6_o<25>)
     LUT6:I2->O           14   0.203   0.958  reset_count_reg[25]_OR_26_o1 (reset_count_reg[25]_OR_26_o)
     LUT2:I1->O            1   0.205   0.000  count_reg_0_rstpot (count_reg_0_rstpot)
     FD:D                      0.102          count_reg_0
    ----------------------------------------
    Total                      3.998ns (1.160ns logic, 2.838ns route)
                                       (29.0% logic, 71.0% route)

=========================================================================
Timing constraint: Default OFFSET IN BEFORE for Clock 'clk'
  Total number of paths / destination ports: 26 / 26
-------------------------------------------------------------------------
Offset:              3.671ns (Levels of Logic = 3)
  Source:            reset (PAD)
  Destination:       count_reg_0 (FF)
  Destination Clock: clk rising

  Data Path: reset to count_reg_0
                                Gate     Net
    Cell:in->out      fanout   Delay   Delay  Logical Name (Net Name)
    ----------------------------------------  ------------
     IBUF:I->O             2   1.222   0.981  reset_IBUF (reset_IBUF)
     LUT6:I0->O           14   0.203   0.958  reset_count_reg[25]_OR_26_o1 (reset_count_reg[25]_OR_26_o)
     LUT2:I1->O            1   0.205   0.000  count_reg_0_rstpot (count_reg_0_rstpot)
     FD:D                      0.102          count_reg_0
    ----------------------------------------
    Total                      3.671ns (1.732ns logic, 1.939ns route)
                                       (47.2% logic, 52.8% route)

=========================================================================
Timing constraint: Default OFFSET OUT AFTER for Clock 'clk'
  Total number of paths / destination ports: 8 / 8
-------------------------------------------------------------------------
Offset:              3.847ns (Levels of Logic = 1)
  Source:            led_reg_0 (FF)
  Destination:       led_out<7> (PAD)
  Source Clock:      clk rising

  Data Path: led_reg_0 to led_out<7>
                                Gate     Net
    Cell:in->out      fanout   Delay   Delay  Logical Name (Net Name)
    ----------------------------------------  ------------
     FD:C->Q               9   0.447   0.829  led_reg_0 (led_reg_0)
     OBUF:I->O                 2.571          led_out_7_OBUF (led_out<7>)
    ----------------------------------------
    Total                      3.847ns (3.018ns logic, 0.829ns route)
                                       (78.5% logic, 21.5% route)

=========================================================================

Cross Clock Domains Report:
--------------------------

Clock to Setup on destination clock clk
---------------+---------+---------+---------+---------+
               | Src:Rise| Src:Fall| Src:Rise| Src:Fall|
Source Clock   |Dest:Rise|Dest:Rise|Dest:Fall|Dest:Fall|
---------------+---------+---------+---------+---------+
clk            |    3.998|         |         |         |
---------------+---------+---------+---------+---------+

=========================================================================


Total REAL time to Xst completion: 4.00 secs
Total CPU time to Xst completion: 3.68 secs
 
--> 

Total memory usage is 4487448 kilobytes

Number of errors   :    0 (   0 filtered)
Number of warnings :    0 (   0 filtered)
Number of infos    :    1 (   0 filtered)

