Release 14.7 - xst P.20131013 (nt64)
Copyright (c) 1995-2013 Xilinx, Inc.  All rights reserved.
--> Parameter TMPDIR set to xst/projnav.tmp


Total REAL time to Xst completion: 0.00 secs
Total CPU time to Xst completion: 0.08 secs
 
--> Parameter xsthdpdir set to xst


Total REAL time to Xst completion: 0.00 secs
Total CPU time to Xst completion: 0.09 secs
 
--> Reading design: PWM.prj

TABLE OF CONTENTS
  1) Synthesis Options Summary
  2) HDL Parsing
  3) HDL Elaboration
  4) HDL Synthesis
       4.1) HDL Synthesis Report
  5) Advanced HDL Synthesis
       5.1) Advanced HDL Synthesis Report
  6) Low Level Synthesis
  7) Partition Report
  8) Design Summary
       8.1) Primitive and Black Box Usage
       8.2) Device utilization summary
       8.3) Partition Resource Summary
       8.4) Timing Report
            8.4.1) Clock Information
            8.4.2) Asynchronous Control Signals Information
            8.4.3) Timing Summary
            8.4.4) Timing Details
            8.4.5) Cross Clock Domains Report


=========================================================================
*                      Synthesis Options Summary                        *
=========================================================================
---- Source Parameters
Input File Name                    : "PWM.prj"
Ignore Synthesis Constraint File   : NO

---- Target Parameters
Output File Name                   : "PWM"
Output Format                      : NGC
Target Device                      : xc6slx9-3-tqg144

---- Source Options
Top Module Name                    : PWM
Automatic FSM Extraction           : YES
FSM Encoding Algorithm             : Auto
Safe Implementation                : No
FSM Style                          : LUT
RAM Extraction                     : Yes
RAM Style                          : Auto
ROM Extraction                     : Yes
Shift Register Extraction          : YES
ROM Style                          : Auto
Resource Sharing                   : YES
Asynchronous To Synchronous        : NO
Shift Register Minimum Size        : 2
Use DSP Block                      : Auto
Automatic Register Balancing       : No

---- Target Options
LUT Combining                      : Auto
Reduce Control Sets                : Auto
Add IO Buffers                     : YES
Global Maximum Fanout              : 100000
Add Generic Clock Buffer(BUFG)     : 16
Register Duplication               : YES
Optimize Instantiated Primitives   : NO
Use Clock Enable                   : Auto
Use Synchronous Set                : Auto
Use Synchronous Reset              : Auto
Pack IO Registers into IOBs        : Auto
Equivalent register Removal        : YES

---- General Options
Optimization Goal                  : Speed
Optimization Effort                : 1
Power Reduction                    : NO
Keep Hierarchy                     : No
Netlist Hierarchy                  : As_Optimized
RTL Output                         : Yes
Global Optimization                : AllClockNets
Read Cores                         : YES
Write Timing Constraints           : NO
Cross Clock Analysis               : NO
Hierarchy Separator                : /
Bus Delimiter                      : <>
Case Specifier                     : Maintain
Slice Utilization Ratio            : 100
BRAM Utilization Ratio             : 100
DSP48 Utilization Ratio            : 100
Auto BRAM Packing                  : NO
Slice Utilization Ratio Delta      : 5

=========================================================================


=========================================================================
*                          HDL Parsing                                  *
=========================================================================
Parsing VHDL file "C:\Users\Hau Tran\Desktop\vhdl\PWM_signal\PWM_signal.vhd" into library work
Parsing entity <PWM>.
Parsing architecture <behavior> of entity <pwm>.

=========================================================================
*                            HDL Elaboration                            *
=========================================================================

Elaborating entity <PWM> (architecture <behavior>) with generics from library <work>.

=========================================================================
*                           HDL Synthesis                               *
=========================================================================

Synthesizing Unit <PWM>.
    Related source file is "C:\Users\Hau Tran\Desktop\vhdl\PWM_signal\PWM_signal.vhd".
        BIT_DEPTH = 8
        INPUT_CLK = 50000000
        FREQ = 50
    Found 1-bit register for signal <pwm_value>.
    Found 20-bit register for signal <pwm_step_count>.
    Found 9-bit register for signal <pwm_count>.
    Found 20-bit register for signal <freq_count>.
    Found 20-bit adder for signal <freq_count[19]_GND_4_o_add_2_OUT> created at line 59.
    Found 20-bit adder for signal <pwm_step_count[19]_GND_4_o_add_5_OUT> created at line 63.
    Found 9-bit adder for signal <pwm_count[8]_GND_4_o_add_6_OUT> created at line 66.
    Found 20-bit comparator greater for signal <freq_count[19]_PWR_4_o_LessThan_2_o> created at line 58
    Found 9-bit comparator greater for signal <pwm_count[8]_max_pwm_count[8]_LessThan_4_o> created at line 60
    Found 20-bit comparator greater for signal <pwm_step_count[19]_GND_4_o_LessThan_5_o> created at line 62
    Summary:
	inferred   3 Adder/Subtractor(s).
	inferred  50 D-type flip-flop(s).
	inferred   3 Comparator(s).
Unit <PWM> synthesized.

=========================================================================
HDL Synthesis Report

Macro Statistics
# Adders/Subtractors                                   : 3
 20-bit adder                                          : 2
 9-bit adder                                           : 1
# Registers                                            : 4
 1-bit register                                        : 1
 20-bit register                                       : 2
 9-bit register                                        : 1
# Comparators                                          : 3
 20-bit comparator greater                             : 2
 9-bit comparator greater                              : 1

=========================================================================

=========================================================================
*                       Advanced HDL Synthesis                          *
=========================================================================


Synthesizing (advanced) Unit <PWM>.
The following registers are absorbed into counter <pwm_step_count>: 1 register on signal <pwm_step_count>.
The following registers are absorbed into counter <pwm_count>: 1 register on signal <pwm_count>.
The following registers are absorbed into counter <freq_count>: 1 register on signal <freq_count>.
Unit <PWM> synthesized (advanced).

=========================================================================
Advanced HDL Synthesis Report

Macro Statistics
# Counters                                             : 3
 20-bit up counter                                     : 2
 9-bit up counter                                      : 1
# Registers                                            : 1
 Flip-Flops                                            : 1
# Comparators                                          : 3
 20-bit comparator greater                             : 2
 9-bit comparator greater                              : 1

=========================================================================

=========================================================================
*                         Low Level Synthesis                           *
=========================================================================

Optimizing unit <PWM> ...
WARNING:Xst:1293 - FF/Latch <pwm_step_count_12> has a constant value of 0 in block <PWM>. This FF/Latch will be trimmed during the optimization process.
WARNING:Xst:1896 - Due to other FF/Latch trimming, FF/Latch <pwm_step_count_13> has a constant value of 0 in block <PWM>. This FF/Latch will be trimmed during the optimization process.
WARNING:Xst:1896 - Due to other FF/Latch trimming, FF/Latch <pwm_step_count_14> has a constant value of 0 in block <PWM>. This FF/Latch will be trimmed during the optimization process.
WARNING:Xst:1896 - Due to other FF/Latch trimming, FF/Latch <pwm_step_count_15> has a constant value of 0 in block <PWM>. This FF/Latch will be trimmed during the optimization process.
WARNING:Xst:1896 - Due to other FF/Latch trimming, FF/Latch <pwm_step_count_16> has a constant value of 0 in block <PWM>. This FF/Latch will be trimmed during the optimization process.
WARNING:Xst:1896 - Due to other FF/Latch trimming, FF/Latch <pwm_step_count_17> has a constant value of 0 in block <PWM>. This FF/Latch will be trimmed during the optimization process.
WARNING:Xst:1896 - Due to other FF/Latch trimming, FF/Latch <pwm_step_count_18> has a constant value of 0 in block <PWM>. This FF/Latch will be trimmed during the optimization process.
WARNING:Xst:1896 - Due to other FF/Latch trimming, FF/Latch <pwm_step_count_19> has a constant value of 0 in block <PWM>. This FF/Latch will be trimmed during the optimization process.
WARNING:Xst:1896 - Due to other FF/Latch trimming, FF/Latch <pwm_count_8> has a constant value of 0 in block <PWM>. This FF/Latch will be trimmed during the optimization process.

Mapping all equations...
Building and optimizing final netlist ...
Found area constraint ratio of 100 (+ 5) on block PWM, actual ratio is 1.

Final Macro Processing ...

=========================================================================
Final Register Report

Macro Statistics
# Registers                                            : 41
 Flip-Flops                                            : 41

=========================================================================

=========================================================================
*                           Partition Report                            *
=========================================================================

Partition Implementation Status
-------------------------------

  No Partitions were found in this design.

-------------------------------

=========================================================================
*                            Design Summary                             *
=========================================================================

Top Level Output File Name         : PWM.ngc

Primitive and Black Box Usage:
------------------------------
# BELS                             : 176
#      GND                         : 1
#      INV                         : 3
#      LUT1                        : 37
#      LUT2                        : 1
#      LUT4                        : 32
#      LUT5                        : 2
#      LUT6                        : 22
#      MUXCY                       : 37
#      VCC                         : 1
#      XORCY                       : 40
# FlipFlops/Latches                : 41
#      FD                          : 33
#      FDRE                        : 8
# Clock Buffers                    : 1
#      BUFGP                       : 1
# IO Buffers                       : 10
#      IBUF                        : 9
#      OBUF                        : 1

Device utilization summary:
---------------------------

Selected Device : 6slx9tqg144-3 


Slice Logic Utilization: 
 Number of Slice Registers:              41  out of  11440     0%  
 Number of Slice LUTs:                   97  out of   5720     1%  
    Number used as Logic:                97  out of   5720     1%  

Slice Logic Distribution: 
 Number of LUT Flip Flop pairs used:     97
   Number with an unused Flip Flop:      56  out of     97    57%  
   Number with an unused LUT:             0  out of     97     0%  
   Number of fully used LUT-FF pairs:    41  out of     97    42%  
   Number of unique control sets:         2

IO Utilization: 
 Number of IOs:                          11
 Number of bonded IOBs:                  11  out of    102    10%  

Specific Feature Utilization:
 Number of BUFG/BUFGCTRLs:                1  out of     16     6%  

---------------------------
Partition Resource Summary:
---------------------------

  No Partitions were found in this design.

---------------------------


=========================================================================
Timing Report

NOTE: THESE TIMING NUMBERS ARE ONLY A SYNTHESIS ESTIMATE.
      FOR ACCURATE TIMING INFORMATION PLEASE REFER TO THE TRACE REPORT
      GENERATED AFTER PLACE-and-ROUTE.

Clock Information:
------------------
-----------------------------------+------------------------+-------+
Clock Signal                       | Clock buffer(FF name)  | Load  |
-----------------------------------+------------------------+-------+
Clk                                | BUFGP                  | 41    |
-----------------------------------+------------------------+-------+

Asynchronous Control Signals Information:
----------------------------------------
No asynchronous control signals found in this design

Timing Summary:
---------------
Speed Grade: -3

   Minimum period: 3.906ns (Maximum Frequency: 256.030MHz)
   Minimum input arrival time before clock: 4.644ns
   Maximum output required time after clock: 3.634ns
   Maximum combinational path delay: No path found

Timing Details:
---------------
All values displayed in nanoseconds (ns)

=========================================================================
Timing constraint: Default period analysis for Clock 'Clk'
  Clock period: 3.906ns (frequency: 256.030MHz)
  Total number of paths / destination ports: 1432 / 57
-------------------------------------------------------------------------
Delay:               3.906ns (Levels of Logic = 3)
  Source:            pwm_step_count_6 (FF)
  Destination:       pwm_step_count_0 (FF)
  Source Clock:      Clk rising
  Destination Clock: Clk rising

  Data Path: pwm_step_count_6 to pwm_step_count_0
                                Gate     Net
    Cell:in->out      fanout   Delay   Delay  Logical Name (Net Name)
    ----------------------------------------  ------------
     FD:C->Q               3   0.447   1.015  pwm_step_count_6 (pwm_step_count_6)
     LUT6:I0->O            2   0.203   0.617  _n005511 (_n005511)
     LUT6:I5->O           11   0.205   1.111  _n005512 (_n00551)
     LUT6:I3->O            1   0.205   0.000  pwm_step_count_0_rstpot (pwm_step_count_0_rstpot)
     FD:D                      0.102          pwm_step_count_0
    ----------------------------------------
    Total                      3.906ns (1.162ns logic, 2.744ns route)
                                       (29.8% logic, 70.2% route)

=========================================================================
Timing constraint: Default OFFSET IN BEFORE for Clock 'Clk'
  Total number of paths / destination ports: 342 / 57
-------------------------------------------------------------------------
Offset:              4.644ns (Levels of Logic = 4)
  Source:            Duty_Cycle<4> (PAD)
  Destination:       pwm_value (FF)
  Destination Clock: Clk rising

  Data Path: Duty_Cycle<4> to pwm_value
                                Gate     Net
    Cell:in->out      fanout   Delay   Delay  Logical Name (Net Name)
    ----------------------------------------  ------------
     IBUF:I->O             2   1.222   0.864  Duty_Cycle_4_IBUF (Duty_Cycle_4_IBUF)
     LUT4:I0->O            2   0.203   0.961  pwm_count[8]_max_pwm_count[8]_LessThan_4_o1_SW0 (N5)
     LUT5:I0->O           11   0.203   0.883  pwm_count[8]_max_pwm_count[8]_LessThan_4_o21 (pwm_count[8]_max_pwm_count[8]_LessThan_4_o)
     LUT4:I3->O            1   0.205   0.000  pwm_value_rstpot1 (pwm_value_rstpot1)
     FD:D                      0.102          pwm_value
    ----------------------------------------
    Total                      4.644ns (1.935ns logic, 2.709ns route)
                                       (41.7% logic, 58.3% route)

=========================================================================
Timing constraint: Default OFFSET OUT AFTER for Clock 'Clk'
  Total number of paths / destination ports: 1 / 1
-------------------------------------------------------------------------
Offset:              3.634ns (Levels of Logic = 1)
  Source:            pwm_value (FF)
  Destination:       Pwm_Out (PAD)
  Source Clock:      Clk rising

  Data Path: pwm_value to Pwm_Out
                                Gate     Net
    Cell:in->out      fanout   Delay   Delay  Logical Name (Net Name)
    ----------------------------------------  ------------
     FD:C->Q               2   0.447   0.616  pwm_value (pwm_value)
     OBUF:I->O                 2.571          Pwm_Out_OBUF (Pwm_Out)
    ----------------------------------------
    Total                      3.634ns (3.018ns logic, 0.616ns route)
                                       (83.0% logic, 17.0% route)

=========================================================================

Cross Clock Domains Report:
--------------------------

Clock to Setup on destination clock Clk
---------------+---------+---------+---------+---------+
               | Src:Rise| Src:Fall| Src:Rise| Src:Fall|
Source Clock   |Dest:Rise|Dest:Rise|Dest:Fall|Dest:Fall|
---------------+---------+---------+---------+---------+
Clk            |    3.906|         |         |         |
---------------+---------+---------+---------+---------+

=========================================================================


Total REAL time to Xst completion: 3.00 secs
Total CPU time to Xst completion: 3.36 secs
 
--> 

Total memory usage is 4487448 kilobytes

Number of errors   :    0 (   0 filtered)
Number of warnings :    9 (   0 filtered)
Number of infos    :    0 (   0 filtered)

