ISim log file
Running: C:\Users\Hau Tran\Desktop\alu\ALU_update_ver2\ALU_test_ver1_isim_beh.exe -intstyle ise -gui -tclbatch isim.cmd -wdb C:/Users/Hau Tran/Desktop/alu/ALU_update_ver2/ALU_test_ver1_isim_beh.wdb 
ISim P.20131013 (signature 0x7708f090)
This is a Full version of ISim.
Time resolution is 1 ps
# onerror resume
# wave add /
# run 1000 ns
Simulator is doing circuit initialization process.
Finished circuit initialization process.
ISim P.20131013 (signature 0x7708f090)
This is a Full version of ISim.
# run 1000 ns
Simulator is doing circuit initialization process.
Finished circuit initialization process.
at 100 ns(1), Instance /alu_test_ver1/uut/ : Warning: NUMERIC_STD.TO_UNSIGNED: vector truncated
ISim P.20131013 (signature 0x7708f090)
This is a Full version of ISim.
# run 1000 ns
Simulator is doing circuit initialization process.
Finished circuit initialization process.
at 0 ps, Instance /alu_test_ver1/uut/ : Warning: NUMERIC_STD.TO_UNSIGNED: vector truncated
at 100 ns(1), Instance /alu_test_ver1/uut/ : Warning: NUMERIC_STD.TO_UNSIGNED: vector truncated
ISim P.20131013 (signature 0x7708f090)
This is a Full version of ISim.
# run 1000 ns
Simulator is doing circuit initialization process.
Finished circuit initialization process.
at 100 ns(1), Instance /alu_test_ver1/uut/ : Warning: NUMERIC_STD.TO_UNSIGNED: vector truncated
ISim P.20131013 (signature 0x7708f090)
This is a Full version of ISim.
# run 1000 ns
Simulator is doing circuit initialization process.
Finished circuit initialization process.
at 100 ns(1), Instance /alu_test_ver1/uut/ : Warning: NUMERIC_STD.TO_UNSIGNED: vector truncated
ISim P.20131013 (signature 0x7708f090)
This is a Full version of ISim.
# run 1000 ns
Simulator is doing circuit initialization process.
Finished circuit initialization process.
at 100 ns(1), Instance /alu_test_ver1/uut/ : Warning: NUMERIC_STD.TO_UNSIGNED: vector truncated
ISim P.20131013 (signature 0x7708f090)
This is a Full version of ISim.
# run 1000 ns
Simulator is doing circuit initialization process.
Finished circuit initialization process.
at 100 ns(1), Instance /alu_test_ver1/uut/ : Warning: NUMERIC_STD.TO_UNSIGNED: vector truncated
ISim P.20131013 (signature 0x7708f090)
This is a Full version of ISim.
# run 1000 ns
Simulator is doing circuit initialization process.
Finished circuit initialization process.
at 100 ns(1), Instance /alu_test_ver1/uut/ : Warning: NUMERIC_STD.TO_UNSIGNED: vector truncated
ISim P.20131013 (signature 0x7708f090)
This is a Full version of ISim.
# run 1000 ns
Simulator is doing circuit initialization process.
Finished circuit initialization process.
at 100 ns(1), Instance /alu_test_ver1/uut/ : Warning: NUMERIC_STD.TO_UNSIGNED: vector truncated
ISim P.20131013 (signature 0x7708f090)
This is a Full version of ISim.
# run 1000 ns
Simulator is doing circuit initialization process.
Finished circuit initialization process.
at 100 ns(1), Instance /alu_test_ver1/uut/ : Warning: NUMERIC_STD.TO_UNSIGNED: vector truncated
