--------------------------------------------------------------------------------
Release 14.7 Trace  (nt64)
Copyright (c) 1995-2013 Xilinx, Inc.  All rights reserved.

C:\Xilinx\14.7\ISE_DS\ISE\bin\nt64\unwrapped\trce.exe -intstyle ise -v 3 -s 3
-n 3 -fastpaths -xml DK_8LED_STD_PST.twx DK_8LED_STD_PST.ncd -o
DK_8LED_STD_PST.twr DK_8LED_STD_PST.pcf -ucf Dk_8LED.ucf

Design file:              DK_8LED_STD_PST.ncd
Physical constraint file: DK_8LED_STD_PST.pcf
Device,package,speed:     xc6slx9,tqg144,C,-3 (PRODUCTION 1.23 2013-10-13)
Report level:             verbose report

Environment Variable      Effect 
--------------------      ------ 
NONE                      No environment variables were set
--------------------------------------------------------------------------------

INFO:Timing:2698 - No timing constraints found, doing default enumeration.
INFO:Timing:3412 - To improve timing, see the Timing Closure User Guide (UG612).
INFO:Timing:2752 - To get complete path coverage, use the unconstrained paths 
   option. All paths that are not constrained will be reported in the 
   unconstrained paths section(s) of the report.
INFO:Timing:3339 - The clock-to-out numbers in this timing report are based on 
   a 50 Ohm transmission line loading model.  For the details of this model, 
   and for more information on accounting for different loading conditions, 
   please see the device datasheet.



Data Sheet report:
-----------------
All values displayed in nanoseconds (ns)

Setup/Hold to clock CKHT
------------+------------+------------+------------+------------+------------------+--------+
            |Max Setup to|  Process   |Max Hold to |  Process   |                  | Clock  |
Source      | clk (edge) |   Corner   | clk (edge) |   Corner   |Internal Clock(s) | Phase  |
------------+------------+------------+------------+------------+------------------+--------+
btn         |    2.782(F)|      SLOW  |   -1.088(F)|      FAST  |CKHT_BUFGP        |   0.000|
sw          |    1.592(F)|      SLOW  |    0.150(F)|      SLOW  |CKHT_BUFGP        |   0.000|
------------+------------+------------+------------+------------+------------------+--------+

Clock CKHT to Pad
------------+-----------------+------------+-----------------+------------+------------------+--------+
            |Max (slowest) clk|  Process   |Min (fastest) clk|  Process   |                  | Clock  |
Destination |  (edge) to PAD  |   Corner   |  (edge) to PAD  |   Corner   |Internal Clock(s) | Phase  |
------------+-----------------+------------+-----------------+------------+------------------+--------+
leds<0>     |         7.603(F)|      SLOW  |         3.875(F)|      FAST  |CKHT_BUFGP        |   0.000|
leds<1>     |         7.346(F)|      SLOW  |         3.678(F)|      FAST  |CKHT_BUFGP        |   0.000|
leds<2>     |         7.603(F)|      SLOW  |         3.882(F)|      FAST  |CKHT_BUFGP        |   0.000|
leds<3>     |         7.460(F)|      SLOW  |         3.787(F)|      FAST  |CKHT_BUFGP        |   0.000|
leds<4>     |         8.010(F)|      SLOW  |         4.058(F)|      FAST  |CKHT_BUFGP        |   0.000|
leds<5>     |         7.558(F)|      SLOW  |         3.846(F)|      FAST  |CKHT_BUFGP        |   0.000|
leds<6>     |         7.661(F)|      SLOW  |         3.954(F)|      FAST  |CKHT_BUFGP        |   0.000|
leds<7>     |         8.071(F)|      SLOW  |         4.170(F)|      FAST  |CKHT_BUFGP        |   0.000|
------------+-----------------+------------+-----------------+------------+------------------+--------+

Clock to Setup on destination clock CKHT
---------------+---------+---------+---------+---------+
               | Src:Rise| Src:Fall| Src:Rise| Src:Fall|
Source Clock   |Dest:Rise|Dest:Rise|Dest:Fall|Dest:Fall|
---------------+---------+---------+---------+---------+
CKHT           |         |         |         |    3.845|
---------------+---------+---------+---------+---------+

Pad to Pad
---------------+---------------+---------+
Source Pad     |Destination Pad|  Delay  |
---------------+---------------+---------+
sw             |leds<0>        |    6.790|
sw             |leds<1>        |    6.737|
sw             |leds<2>        |    6.977|
sw             |leds<3>        |    6.990|
sw             |leds<4>        |    7.009|
sw             |leds<5>        |    6.996|
sw             |leds<6>        |    7.184|
sw             |leds<7>        |    7.045|
---------------+---------------+---------+


Analysis completed Fri Aug 04 10:02:07 2023 
--------------------------------------------------------------------------------

Trace Settings:
-------------------------
Trace Settings 

Peak Memory Usage: 4573 MB



