--------------------------------------------------------------------------------
Release 14.7 Trace  (nt64)
Copyright (c) 1995-2013 Xilinx, Inc.  All rights reserved.

C:\Xilinx\14.7\ISE_DS\ISE\bin\nt64\unwrapped\trce.exe -intstyle ise -v 3 -s 3
-n 3 -fastpaths -xml hex_to_BCD_4bit.twx hex_to_BCD_4bit.ncd -o
hex_to_BCD_4bit.twr hex_to_BCD_4bit.pcf -ucf HEXTOBCD_4BIT.ucf

Design file:              hex_to_BCD_4bit.ncd
Physical constraint file: hex_to_BCD_4bit.pcf
Device,package,speed:     xc6slx9,tqg144,C,-3 (PRODUCTION 1.23 2013-10-13)
Report level:             verbose report

Environment Variable      Effect 
--------------------      ------ 
NONE                      No environment variables were set
--------------------------------------------------------------------------------

INFO:Timing:2698 - No timing constraints found, doing default enumeration.
INFO:Timing:3412 - To improve timing, see the Timing Closure User Guide (UG612).
INFO:Timing:2752 - To get complete path coverage, use the unconstrained paths 
   option. All paths that are not constrained will be reported in the 
   unconstrained paths section(s) of the report.
INFO:Timing:3339 - The clock-to-out numbers in this timing report are based on 
   a 50 Ohm transmission line loading model.  For the details of this model, 
   and for more information on accounting for different loading conditions, 
   please see the device datasheet.



Data Sheet report:
-----------------
All values displayed in nanoseconds (ns)

Pad to Pad
---------------+---------------+---------+
Source Pad     |Destination Pad|  Delay  |
---------------+---------------+---------+
sw<0>          |led<0>         |    5.357|
sw<1>          |led<1>         |    6.523|
sw<1>          |led<2>         |    6.688|
sw<1>          |led<3>         |    6.843|
sw<1>          |led<4>         |    6.660|
sw<2>          |led<1>         |    6.638|
sw<2>          |led<2>         |    7.038|
sw<2>          |led<3>         |    6.958|
sw<2>          |led<4>         |    7.010|
sw<3>          |led<1>         |    7.258|
sw<3>          |led<2>         |    7.553|
sw<3>          |led<3>         |    7.578|
sw<3>          |led<4>         |    7.525|
---------------+---------------+---------+


Analysis completed Fri Jul 21 14:41:00 2023 
--------------------------------------------------------------------------------

Trace Settings:
-------------------------
Trace Settings 

Peak Memory Usage: 4556 MB



