--------------------------------------------------------------------------------
Release 14.7 Trace  (nt64)
Copyright (c) 1995-2013 Xilinx, Inc.  All rights reserved.

C:\Xilinx\14.7\ISE_DS\ISE\bin\nt64\unwrapped\trce.exe -intstyle ise -v 3 -s 3
-n 3 -fastpaths -xml BUTTON_LED.twx BUTTON_LED.ncd -o BUTTON_LED.twr
BUTTON_LED.pcf -ucf constraint.ucf

Design file:              BUTTON_LED.ncd
Physical constraint file: BUTTON_LED.pcf
Device,package,speed:     xc6slx9,tqg144,C,-3 (PRODUCTION 1.23 2013-10-13)
Report level:             verbose report

Environment Variable      Effect 
--------------------      ------ 
NONE                      No environment variables were set
--------------------------------------------------------------------------------

INFO:Timing:2698 - No timing constraints found, doing default enumeration.
INFO:Timing:3412 - To improve timing, see the Timing Closure User Guide (UG612).
INFO:Timing:2752 - To get complete path coverage, use the unconstrained paths 
   option. All paths that are not constrained will be reported in the 
   unconstrained paths section(s) of the report.
INFO:Timing:3339 - The clock-to-out numbers in this timing report are based on 
   a 50 Ohm transmission line loading model.  For the details of this model, 
   and for more information on accounting for different loading conditions, 
   please see the device datasheet.



Data Sheet report:
-----------------
All values displayed in nanoseconds (ns)

Pad to Pad
---------------+---------------+---------+
Source Pad     |Destination Pad|  Delay  |
---------------+---------------+---------+
button<0>      |data_led<0>    |   10.497|
button<0>      |led_out<0>     |   10.171|
button<1>      |data_led<1>    |   10.043|
button<1>      |led_out<1>     |    9.169|
button<2>      |data_led<2>    |   10.493|
button<2>      |led_out<2>     |    9.754|
button<3>      |data_led<3>    |   10.070|
button<3>      |led_out<3>     |    9.497|
button<4>      |data_led<4>    |   10.531|
button<4>      |led_out<4>     |   10.449|
button<5>      |data_led<5>    |    9.631|
button<5>      |led_out<5>     |    9.972|
button<6>      |data_led<6>    |   10.281|
button<6>      |led_out<6>     |   10.607|
button<7>      |data_led<7>    |    9.998|
button<7>      |led_out<7>     |   10.219|
enable         |led_out<0>     |    8.279|
enable         |led_out<1>     |    8.001|
enable         |led_out<2>     |    8.083|
enable         |led_out<3>     |    7.991|
enable         |led_out<4>     |    9.319|
enable         |led_out<5>     |    9.286|
enable         |led_out<6>     |    9.232|
enable         |led_out<7>     |    9.287|
enable_buzzer  |buzzer         |    7.720|
enable_data_led|data_led<0>    |    9.153|
enable_data_led|data_led<1>    |    9.312|
enable_data_led|data_led<2>    |    9.134|
enable_data_led|data_led<3>    |    8.671|
enable_data_led|data_led<4>    |    9.591|
enable_data_led|data_led<5>    |    9.269|
enable_data_led|data_led<6>    |    9.056|
enable_data_led|data_led<7>    |    9.220|
---------------+---------------+---------+


Analysis completed Fri Jul 07 14:00:57 2023 
--------------------------------------------------------------------------------

Trace Settings:
-------------------------
Trace Settings 

Peak Memory Usage: 4572 MB



