Release 14.7 - xst P.20131013 (nt64)
Copyright (c) 1995-2013 Xilinx, Inc.  All rights reserved.
--> Parameter TMPDIR set to xst/projnav.tmp


Total REAL time to Xst completion: 0.00 secs
Total CPU time to Xst completion: 0.09 secs
 
--> Parameter xsthdpdir set to xst


Total REAL time to Xst completion: 0.00 secs
Total CPU time to Xst completion: 0.09 secs
 
--> Reading design: led_brightness.prj

TABLE OF CONTENTS
  1) Synthesis Options Summary
  2) HDL Parsing
  3) HDL Elaboration
  4) HDL Synthesis
       4.1) HDL Synthesis Report
  5) Advanced HDL Synthesis
       5.1) Advanced HDL Synthesis Report
  6) Low Level Synthesis
  7) Partition Report
  8) Design Summary
       8.1) Primitive and Black Box Usage
       8.2) Device utilization summary
       8.3) Partition Resource Summary
       8.4) Timing Report
            8.4.1) Clock Information
            8.4.2) Asynchronous Control Signals Information
            8.4.3) Timing Summary
            8.4.4) Timing Details
            8.4.5) Cross Clock Domains Report


=========================================================================
*                      Synthesis Options Summary                        *
=========================================================================
---- Source Parameters
Input File Name                    : "led_brightness.prj"
Ignore Synthesis Constraint File   : NO

---- Target Parameters
Output File Name                   : "led_brightness"
Output Format                      : NGC
Target Device                      : xc6slx9-3-tqg144

---- Source Options
Top Module Name                    : led_brightness
Automatic FSM Extraction           : YES
FSM Encoding Algorithm             : Auto
Safe Implementation                : No
FSM Style                          : LUT
RAM Extraction                     : Yes
RAM Style                          : Auto
ROM Extraction                     : Yes
Shift Register Extraction          : YES
ROM Style                          : Auto
Resource Sharing                   : YES
Asynchronous To Synchronous        : NO
Shift Register Minimum Size        : 2
Use DSP Block                      : Auto
Automatic Register Balancing       : No

---- Target Options
LUT Combining                      : Auto
Reduce Control Sets                : Auto
Add IO Buffers                     : YES
Global Maximum Fanout              : 100000
Add Generic Clock Buffer(BUFG)     : 16
Register Duplication               : YES
Optimize Instantiated Primitives   : NO
Use Clock Enable                   : Auto
Use Synchronous Set                : Auto
Use Synchronous Reset              : Auto
Pack IO Registers into IOBs        : Auto
Equivalent register Removal        : YES

---- General Options
Optimization Goal                  : Speed
Optimization Effort                : 1
Power Reduction                    : NO
Keep Hierarchy                     : No
Netlist Hierarchy                  : As_Optimized
RTL Output                         : Yes
Global Optimization                : AllClockNets
Read Cores                         : YES
Write Timing Constraints           : NO
Cross Clock Analysis               : NO
Hierarchy Separator                : /
Bus Delimiter                      : <>
Case Specifier                     : Maintain
Slice Utilization Ratio            : 100
BRAM Utilization Ratio             : 100
DSP48 Utilization Ratio            : 100
Auto BRAM Packing                  : NO
Slice Utilization Ratio Delta      : 5

=========================================================================


=========================================================================
*                          HDL Parsing                                  *
=========================================================================
Parsing VHDL file "C:\Users\Hau Tran\Desktop\vhdl\led_brightness_button\PWM.vhd" into library work
Parsing entity <PWM>.
Parsing architecture <behavior> of entity <pwm>.
Parsing VHDL file "C:\Users\Hau Tran\Desktop\vhdl\led_brightness_button\counter.vhd" into library work
Parsing entity <counter>.
Parsing architecture <Behavioral> of entity <counter>.
Parsing VHDL file "C:\Users\Hau Tran\Desktop\vhdl\led_brightness_button\led_brightness.vhd" into library work
Parsing entity <led_brightness>.
Parsing architecture <Behavioral> of entity <led_brightness>.

=========================================================================
*                            HDL Elaboration                            *
=========================================================================

Elaborating entity <led_brightness> (architecture <Behavioral>) with generics from library <work>.

Elaborating entity <counter> (architecture <Behavioral>) with generics from library <work>.

Elaborating entity <PWM> (architecture <behavior>) with generics from library <work>.
WARNING:HDLCompiler:92 - "C:\Users\Hau Tran\Desktop\vhdl\led_brightness_button\led_brightness.vhd" Line 144: led_duty_cycle should be on the sensitivity list of the process
WARNING:HDLCompiler:92 - "C:\Users\Hau Tran\Desktop\vhdl\led_brightness_button\led_brightness.vhd" Line 146: led_max_cnt should be on the sensitivity list of the process
WARNING:HDLCompiler:92 - "C:\Users\Hau Tran\Desktop\vhdl\led_brightness_button\led_brightness.vhd" Line 147: led_duty_cycle should be on the sensitivity list of the process

=========================================================================
*                           HDL Synthesis                               *
=========================================================================

Synthesizing Unit <led_brightness>.
    Related source file is "C:\Users\Hau Tran\Desktop\vhdl\led_brightness_button\led_brightness.vhd".
        INPUT_CLK = 50000000
        NUM_LEDS = 8
        NUM_BUTTONS = 4
    Found 8-bit register for signal <led_duty_cycle>.
    Found 8-bit adder for signal <led_duty_cycle[7]_GND_5_o_add_3_OUT> created at line 1241.
    Summary:
	inferred   1 Adder/Subtractor(s).
	inferred   8 D-type flip-flop(s).
Unit <led_brightness> synthesized.

Synthesizing Unit <counter>.
    Related source file is "C:\Users\Hau Tran\Desktop\vhdl\led_brightness_button\counter.vhd".
        MAX_VAL = 588235
        SYNCH_Reset = true
    Found 20-bit register for signal <count_reg>.
    Found 20-bit adder for signal <count_reg[19]_GND_6_o_add_1_OUT> created at line 1241.
    Summary:
	inferred   1 Adder/Subtractor(s).
	inferred  20 D-type flip-flop(s).
Unit <counter> synthesized.

Synthesizing Unit <PWM>.
    Related source file is "C:\Users\Hau Tran\Desktop\vhdl\led_brightness_button\PWM.vhd".
        BIT_DEPTH = 8
        INPUT_CLK = 50000000
        FREQ = 50
    Found 1-bit register for signal <pwm_value>.
    Found 20-bit register for signal <pwm_step_count>.
    Found 9-bit register for signal <pwm_count>.
    Found 20-bit register for signal <freq_count>.
    Found 20-bit adder for signal <freq_count[19]_GND_7_o_add_2_OUT> created at line 59.
    Found 20-bit adder for signal <pwm_step_count[19]_GND_7_o_add_5_OUT> created at line 63.
    Found 9-bit adder for signal <pwm_count[8]_GND_7_o_add_6_OUT> created at line 66.
    Found 20-bit comparator greater for signal <freq_count[19]_PWR_7_o_LessThan_2_o> created at line 58
    Found 9-bit comparator greater for signal <pwm_count[8]_max_pwm_count[8]_LessThan_4_o> created at line 60
    Found 20-bit comparator greater for signal <pwm_step_count[19]_GND_7_o_LessThan_5_o> created at line 62
    Summary:
	inferred   3 Adder/Subtractor(s).
	inferred  50 D-type flip-flop(s).
	inferred   3 Comparator(s).
Unit <PWM> synthesized.

=========================================================================
HDL Synthesis Report

Macro Statistics
# Adders/Subtractors                                   : 5
 20-bit adder                                          : 3
 8-bit adder                                           : 1
 9-bit adder                                           : 1
# Registers                                            : 6
 1-bit register                                        : 1
 20-bit register                                       : 3
 8-bit register                                        : 1
 9-bit register                                        : 1
# Comparators                                          : 3
 20-bit comparator greater                             : 2
 9-bit comparator greater                              : 1

=========================================================================

=========================================================================
*                       Advanced HDL Synthesis                          *
=========================================================================


Synthesizing (advanced) Unit <PWM>.
The following registers are absorbed into counter <pwm_step_count>: 1 register on signal <pwm_step_count>.
The following registers are absorbed into counter <pwm_count>: 1 register on signal <pwm_count>.
The following registers are absorbed into counter <freq_count>: 1 register on signal <freq_count>.
Unit <PWM> synthesized (advanced).

Synthesizing (advanced) Unit <counter>.
The following registers are absorbed into counter <count_reg>: 1 register on signal <count_reg>.
Unit <counter> synthesized (advanced).

Synthesizing (advanced) Unit <led_brightness>.
The following registers are absorbed into counter <led_duty_cycle>: 1 register on signal <led_duty_cycle>.
Unit <led_brightness> synthesized (advanced).

=========================================================================
Advanced HDL Synthesis Report

Macro Statistics
# Counters                                             : 5
 20-bit up counter                                     : 3
 8-bit up counter                                      : 1
 9-bit up counter                                      : 1
# Registers                                            : 1
 Flip-Flops                                            : 1
# Comparators                                          : 3
 20-bit comparator greater                             : 2
 9-bit comparator greater                              : 1

=========================================================================

=========================================================================
*                         Low Level Synthesis                           *
=========================================================================

Optimizing unit <led_brightness> ...

Optimizing unit <PWM> ...
WARNING:Xst:1293 - FF/Latch <LED_PWM/pwm_count_8> has a constant value of 0 in block <led_brightness>. This FF/Latch will be trimmed during the optimization process.
WARNING:Xst:1896 - Due to other FF/Latch trimming, FF/Latch <LED_PWM/pwm_step_count_19> has a constant value of 0 in block <led_brightness>. This FF/Latch will be trimmed during the optimization process.
WARNING:Xst:1896 - Due to other FF/Latch trimming, FF/Latch <LED_PWM/pwm_step_count_18> has a constant value of 0 in block <led_brightness>. This FF/Latch will be trimmed during the optimization process.
WARNING:Xst:1896 - Due to other FF/Latch trimming, FF/Latch <LED_PWM/pwm_step_count_17> has a constant value of 0 in block <led_brightness>. This FF/Latch will be trimmed during the optimization process.
WARNING:Xst:1896 - Due to other FF/Latch trimming, FF/Latch <LED_PWM/pwm_step_count_16> has a constant value of 0 in block <led_brightness>. This FF/Latch will be trimmed during the optimization process.
WARNING:Xst:1896 - Due to other FF/Latch trimming, FF/Latch <LED_PWM/pwm_step_count_15> has a constant value of 0 in block <led_brightness>. This FF/Latch will be trimmed during the optimization process.
WARNING:Xst:1896 - Due to other FF/Latch trimming, FF/Latch <LED_PWM/pwm_step_count_14> has a constant value of 0 in block <led_brightness>. This FF/Latch will be trimmed during the optimization process.
WARNING:Xst:1896 - Due to other FF/Latch trimming, FF/Latch <LED_PWM/pwm_step_count_13> has a constant value of 0 in block <led_brightness>. This FF/Latch will be trimmed during the optimization process.
WARNING:Xst:1896 - Due to other FF/Latch trimming, FF/Latch <LED_PWM/pwm_step_count_12> has a constant value of 0 in block <led_brightness>. This FF/Latch will be trimmed during the optimization process.

Mapping all equations...
Building and optimizing final netlist ...
Found area constraint ratio of 100 (+ 5) on block led_brightness, actual ratio is 1.

Final Macro Processing ...

=========================================================================
Final Register Report

Macro Statistics
# Registers                                            : 69
 Flip-Flops                                            : 69

=========================================================================

=========================================================================
*                           Partition Report                            *
=========================================================================

Partition Implementation Status
-------------------------------

  No Partitions were found in this design.

-------------------------------

=========================================================================
*                            Design Summary                             *
=========================================================================

Top Level Output File Name         : led_brightness.ngc

Primitive and Black Box Usage:
------------------------------
# BELS                             : 294
#      GND                         : 1
#      INV                         : 5
#      LUT1                        : 63
#      LUT2                        : 22
#      LUT4                        : 32
#      LUT5                        : 3
#      LUT6                        : 36
#      MUXCY                       : 63
#      VCC                         : 1
#      XORCY                       : 68
# FlipFlops/Latches                : 69
#      FD                          : 53
#      FDRE                        : 16
# Clock Buffers                    : 1
#      BUFGP                       : 1
# IO Buffers                       : 13
#      IBUF                        : 5
#      OBUF                        : 8

Device utilization summary:
---------------------------

Selected Device : 6slx9tqg144-3 


Slice Logic Utilization: 
 Number of Slice Registers:              69  out of  11440     0%  
 Number of Slice LUTs:                  161  out of   5720     2%  
    Number used as Logic:               161  out of   5720     2%  

Slice Logic Distribution: 
 Number of LUT Flip Flop pairs used:    161
   Number with an unused Flip Flop:      92  out of    161    57%  
   Number with an unused LUT:             0  out of    161     0%  
   Number of fully used LUT-FF pairs:    69  out of    161    42%  
   Number of unique control sets:         3

IO Utilization: 
 Number of IOs:                          14
 Number of bonded IOBs:                  14  out of    102    13%  

Specific Feature Utilization:
 Number of BUFG/BUFGCTRLs:                1  out of     16     6%  

---------------------------
Partition Resource Summary:
---------------------------

  No Partitions were found in this design.

---------------------------


=========================================================================
Timing Report

NOTE: THESE TIMING NUMBERS ARE ONLY A SYNTHESIS ESTIMATE.
      FOR ACCURATE TIMING INFORMATION PLEASE REFER TO THE TRACE REPORT
      GENERATED AFTER PLACE-and-ROUTE.

Clock Information:
------------------
-----------------------------------+------------------------+-------+
Clock Signal                       | Clock buffer(FF name)  | Load  |
-----------------------------------+------------------------+-------+
clk                                | BUFGP                  | 69    |
-----------------------------------+------------------------+-------+

Asynchronous Control Signals Information:
----------------------------------------
No asynchronous control signals found in this design

Timing Summary:
---------------
Speed Grade: -3

   Minimum period: 4.275ns (Maximum Frequency: 233.927MHz)
   Minimum input arrival time before clock: 5.039ns
   Maximum output required time after clock: 3.847ns
   Maximum combinational path delay: No path found

Timing Details:
---------------
All values displayed in nanoseconds (ns)

=========================================================================
Timing constraint: Default period analysis for Clock 'clk'
  Clock period: 4.275ns (frequency: 233.927MHz)
  Total number of paths / destination ports: 2583 / 101
-------------------------------------------------------------------------
Delay:               4.275ns (Levels of Logic = 3)
  Source:            LED_PWM/freq_count_13 (FF)
  Destination:       LED_PWM/freq_count_14 (FF)
  Source Clock:      clk rising
  Destination Clock: clk rising

  Data Path: LED_PWM/freq_count_13 to LED_PWM/freq_count_14
                                Gate     Net
    Cell:in->out      fanout   Delay   Delay  Logical Name (Net Name)
    ----------------------------------------  ------------
     FD:C->Q               3   0.447   1.015  LED_PWM/freq_count_13 (LED_PWM/freq_count_13)
     LUT6:I0->O            2   0.203   0.617  LED_PWM/freq_count[19]_PWR_7_o_LessThan_2_o22 (LED_PWM/freq_count[19]_PWR_7_o_LessThan_2_o21)
     LUT6:I5->O           28   0.205   1.482  LED_PWM/_n00571 (LED_PWM/_n0057)
     LUT4:I0->O            1   0.203   0.000  LED_PWM/freq_count_14_rstpot (LED_PWM/freq_count_14_rstpot)
     FD:D                      0.102          LED_PWM/freq_count_14
    ----------------------------------------
    Total                      4.275ns (1.160ns logic, 3.115ns route)
                                       (27.1% logic, 72.9% route)

=========================================================================
Timing constraint: Default OFFSET IN BEFORE for Clock 'clk'
  Total number of paths / destination ports: 153 / 85
-------------------------------------------------------------------------
Offset:              5.039ns (Levels of Logic = 3)
  Source:            LED_enable (PAD)
  Destination:       LED_PWM/freq_count_14 (FF)
  Destination Clock: clk rising

  Data Path: LED_enable to LED_PWM/freq_count_14
                                Gate     Net
    Cell:in->out      fanout   Delay   Delay  Logical Name (Net Name)
    ----------------------------------------  ------------
     IBUF:I->O            44   1.222   1.827  LED_enable_IBUF (LED_enable_IBUF)
     LUT6:I0->O           28   0.203   1.482  LED_PWM/_n00571 (LED_PWM/_n0057)
     LUT4:I0->O            1   0.203   0.000  LED_PWM/freq_count_14_rstpot (LED_PWM/freq_count_14_rstpot)
     FD:D                      0.102          LED_PWM/freq_count_14
    ----------------------------------------
    Total                      5.039ns (1.730ns logic, 3.309ns route)
                                       (34.3% logic, 65.7% route)

=========================================================================
Timing constraint: Default OFFSET OUT AFTER for Clock 'clk'
  Total number of paths / destination ports: 8 / 8
-------------------------------------------------------------------------
Offset:              3.847ns (Levels of Logic = 1)
  Source:            LED_PWM/pwm_value (FF)
  Destination:       led_out<7> (PAD)
  Source Clock:      clk rising

  Data Path: LED_PWM/pwm_value to led_out<7>
                                Gate     Net
    Cell:in->out      fanout   Delay   Delay  Logical Name (Net Name)
    ----------------------------------------  ------------
     FD:C->Q               9   0.447   0.829  LED_PWM/pwm_value (LED_PWM/pwm_value)
     OBUF:I->O                 2.571          led_out_7_OBUF (led_out<7>)
    ----------------------------------------
    Total                      3.847ns (3.018ns logic, 0.829ns route)
                                       (78.5% logic, 21.5% route)

=========================================================================

Cross Clock Domains Report:
--------------------------

Clock to Setup on destination clock clk
---------------+---------+---------+---------+---------+
               | Src:Rise| Src:Fall| Src:Rise| Src:Fall|
Source Clock   |Dest:Rise|Dest:Rise|Dest:Fall|Dest:Fall|
---------------+---------+---------+---------+---------+
clk            |    4.275|         |         |         |
---------------+---------+---------+---------+---------+

=========================================================================


Total REAL time to Xst completion: 4.00 secs
Total CPU time to Xst completion: 3.53 secs
 
--> 

Total memory usage is 4503640 kilobytes

Number of errors   :    0 (   0 filtered)
Number of warnings :   12 (   0 filtered)
Number of infos    :    0 (   0 filtered)

