--------------------------------------------------------------------------------
Release 14.7 Trace  (nt64)
Copyright (c) 1995-2013 Xilinx, Inc.  All rights reserved.

C:\Xilinx\14.7\ISE_DS\ISE\bin\nt64\unwrapped\trce.exe -intstyle ise -v 3 -s 3
-n 3 -fastpaths -xml dem_00_99_ht_7doan.twx dem_00_99_ht_7doan.ncd -o
dem_00_99_ht_7doan.twr dem_00_99_ht_7doan.pcf -ucf dem_00_99.ucf

Design file:              dem_00_99_ht_7doan.ncd
Physical constraint file: dem_00_99_ht_7doan.pcf
Device,package,speed:     xc6slx9,tqg144,C,-3 (PRODUCTION 1.23 2013-10-13)
Report level:             verbose report

Environment Variable      Effect 
--------------------      ------ 
NONE                      No environment variables were set
--------------------------------------------------------------------------------

INFO:Timing:2698 - No timing constraints found, doing default enumeration.
INFO:Timing:3412 - To improve timing, see the Timing Closure User Guide (UG612).
INFO:Timing:2752 - To get complete path coverage, use the unconstrained paths 
   option. All paths that are not constrained will be reported in the 
   unconstrained paths section(s) of the report.
INFO:Timing:3339 - The clock-to-out numbers in this timing report are based on 
   a 50 Ohm transmission line loading model.  For the details of this model, 
   and for more information on accounting for different loading conditions, 
   please see the device datasheet.



Data Sheet report:
-----------------
All values displayed in nanoseconds (ns)

Setup/Hold to clock CKHT
------------+------------+------------+------------+------------+------------------+--------+
            |Max Setup to|  Process   |Max Hold to |  Process   |                  | Clock  |
Source      | clk (edge) |   Corner   | clk (edge) |   Corner   |Internal Clock(s) | Phase  |
------------+------------+------------+------------+------------+------------------+--------+
btn0        |    3.254(F)|      SLOW  |   -1.213(F)|      FAST  |CKHT_BUFGP        |   0.000|
sw0         |    2.853(F)|      SLOW  |   -0.940(F)|      FAST  |CKHT_BUFGP        |   0.000|
------------+------------+------------+------------+------------+------------------+--------+

Clock CKHT to Pad
------------+-----------------+------------+-----------------+------------+------------------+--------+
            |Max (slowest) clk|  Process   |Min (fastest) clk|  Process   |                  | Clock  |
Destination |  (edge) to PAD  |   Corner   |  (edge) to PAD  |   Corner   |Internal Clock(s) | Phase  |
------------+-----------------+------------+-----------------+------------+------------------+--------+
anode<6>    |         7.723(F)|      SLOW  |         3.936(F)|      FAST  |CKHT_BUFGP        |   0.000|
anode<7>    |         7.606(F)|      SLOW  |         3.957(F)|      FAST  |CKHT_BUFGP        |   0.000|
sseg<0>     |        10.841(F)|      SLOW  |         4.583(F)|      FAST  |CKHT_BUFGP        |   0.000|
sseg<1>     |        10.710(F)|      SLOW  |         4.326(F)|      FAST  |CKHT_BUFGP        |   0.000|
sseg<2>     |        11.151(F)|      SLOW  |         4.775(F)|      FAST  |CKHT_BUFGP        |   0.000|
sseg<3>     |        10.293(F)|      SLOW  |         4.575(F)|      FAST  |CKHT_BUFGP        |   0.000|
sseg<4>     |        10.221(F)|      SLOW  |         4.398(F)|      FAST  |CKHT_BUFGP        |   0.000|
sseg<5>     |        10.920(F)|      SLOW  |         4.331(F)|      FAST  |CKHT_BUFGP        |   0.000|
sseg<6>     |        10.957(F)|      SLOW  |         4.699(F)|      FAST  |CKHT_BUFGP        |   0.000|
sseg<7>     |        10.511(F)|      SLOW  |         4.207(F)|      FAST  |CKHT_BUFGP        |   0.000|
------------+-----------------+------------+-----------------+------------+------------------+--------+

Clock to Setup on destination clock CKHT
---------------+---------+---------+---------+---------+
               | Src:Rise| Src:Fall| Src:Rise| Src:Fall|
Source Clock   |Dest:Rise|Dest:Rise|Dest:Fall|Dest:Fall|
---------------+---------+---------+---------+---------+
CKHT           |         |         |         |    3.800|
---------------+---------+---------+---------+---------+


Analysis completed Sat Aug 05 13:36:48 2023 
--------------------------------------------------------------------------------

Trace Settings:
-------------------------
Trace Settings 

Peak Memory Usage: 4571 MB



