--------------------------------------------------------------------------------
Release 14.7 Trace  (nt64)
Copyright (c) 1995-2013 Xilinx, Inc.  All rights reserved.

C:\Xilinx\14.7\ISE_DS\ISE\bin\nt64\unwrapped\trce.exe -intstyle ise -v 3 -s 3
-n 3 -fastpaths -xml DEM_4BITS_UP_DOWN_2BTNS.twx DEM_4BITS_UP_DOWN_2BTNS.ncd -o
DEM_4BITS_UP_DOWN_2BTNS.twr DEM_4BITS_UP_DOWN_2BTNS.pcf -ucf
dem_4bits_up_down_2buttons.ucf

Design file:              DEM_4BITS_UP_DOWN_2BTNS.ncd
Physical constraint file: DEM_4BITS_UP_DOWN_2BTNS.pcf
Device,package,speed:     xc6slx9,tqg144,C,-3 (PRODUCTION 1.23 2013-10-13)
Report level:             verbose report

Environment Variable      Effect 
--------------------      ------ 
NONE                      No environment variables were set
--------------------------------------------------------------------------------

INFO:Timing:2698 - No timing constraints found, doing default enumeration.
INFO:Timing:3412 - To improve timing, see the Timing Closure User Guide (UG612).
INFO:Timing:2752 - To get complete path coverage, use the unconstrained paths 
   option. All paths that are not constrained will be reported in the 
   unconstrained paths section(s) of the report.
INFO:Timing:3339 - The clock-to-out numbers in this timing report are based on 
   a 50 Ohm transmission line loading model.  For the details of this model, 
   and for more information on accounting for different loading conditions, 
   please see the device datasheet.



Data Sheet report:
-----------------
All values displayed in nanoseconds (ns)

Setup/Hold to clock CKHT
------------+------------+------------+------------+------------+------------------+--------+
            |Max Setup to|  Process   |Max Hold to |  Process   |                  | Clock  |
Source      | clk (edge) |   Corner   | clk (edge) |   Corner   |Internal Clock(s) | Phase  |
------------+------------+------------+------------+------------+------------------+--------+
buttons<0>  |    1.494(F)|      SLOW  |   -0.177(F)|      SLOW  |CKHT_BUFGP        |   0.000|
buttons<1>  |    3.035(F)|      SLOW  |   -0.134(F)|      SLOW  |CKHT_BUFGP        |   0.000|
buttons<2>  |    3.193(F)|      SLOW  |   -0.296(F)|      SLOW  |CKHT_BUFGP        |   0.000|
------------+------------+------------+------------+------------+------------------+--------+

Clock CKHT to Pad
------------+-----------------+------------+-----------------+------------+------------------+--------+
            |Max (slowest) clk|  Process   |Min (fastest) clk|  Process   |                  | Clock  |
Destination |  (edge) to PAD  |   Corner   |  (edge) to PAD  |   Corner   |Internal Clock(s) | Phase  |
------------+-----------------+------------+-----------------+------------+------------------+--------+
leds<0>     |         7.885(F)|      SLOW  |         4.138(F)|      FAST  |CKHT_BUFGP        |   0.000|
leds<1>     |         7.647(F)|      SLOW  |         3.965(F)|      FAST  |CKHT_BUFGP        |   0.000|
leds<2>     |         7.939(F)|      SLOW  |         4.155(F)|      FAST  |CKHT_BUFGP        |   0.000|
leds<3>     |         8.007(F)|      SLOW  |         4.176(F)|      FAST  |CKHT_BUFGP        |   0.000|
------------+-----------------+------------+-----------------+------------+------------------+--------+

Clock to Setup on destination clock CKHT
---------------+---------+---------+---------+---------+
               | Src:Rise| Src:Fall| Src:Rise| Src:Fall|
Source Clock   |Dest:Rise|Dest:Rise|Dest:Fall|Dest:Fall|
---------------+---------+---------+---------+---------+
CKHT           |         |         |         |    3.130|
---------------+---------+---------+---------+---------+


Analysis completed Thu Aug 03 13:33:10 2023 
--------------------------------------------------------------------------------

Trace Settings:
-------------------------
Trace Settings 

Peak Memory Usage: 4571 MB



