Running: fuse.exe -relaunch -intstyle "ise" -incremental -lib "secureip" -o "C:/Users/Hau Tran/Desktop/alu/ALU/ALU_isim_beh.exe" -prj "C:/Users/Hau Tran/Desktop/alu/ALU/ALU_beh.prj" "work.ALU" 
ISim P.20131013 (signature 0x7708f090)
Number of CPUs detected in this system: 16
Turning on mult-threading, number of parallel sub-compilation jobs: 32 
Determining compilation order of HDL files
Parsing VHDL file "C:/Users/Hau Tran/Desktop/alu/ALU/alu_testing.vhd" into library work
Starting static elaboration
Completed static elaboration
Compiling package standard
Compiling package std_logic_1164
Compiling package std_logic_arith
Compiling package std_logic_unsigned
Compiling package numeric_std
Compiling architecture behavioral of entity alu
Time Resolution for simulation is 1ps.
Waiting for 1 sub-compilation(s) to finish...
Compiled 6 VHDL Units
Built simulation executable C:/Users/Hau Tran/Desktop/alu/ALU/ALU_isim_beh.exe
Fuse Memory Usage: 37164 KB
Fuse CPU Usage: 359 ms
