Release 14.7 - xst P.20131013 (nt64)
Copyright (c) 1995-2013 Xilinx, Inc.  All rights reserved.
--> Parameter TMPDIR set to xst/projnav.tmp


Total REAL time to Xst completion: 0.00 secs
Total CPU time to Xst completion: 0.09 secs
 
--> Parameter xsthdpdir set to xst


Total REAL time to Xst completion: 0.00 secs
Total CPU time to Xst completion: 0.09 secs
 
--> Reading design: CHIA_2XUNG_CK1HZ_CK10HZ.prj

TABLE OF CONTENTS
  1) Synthesis Options Summary
  2) HDL Parsing
  3) HDL Elaboration
  4) HDL Synthesis
       4.1) HDL Synthesis Report
  5) Advanced HDL Synthesis
       5.1) Advanced HDL Synthesis Report
  6) Low Level Synthesis
  7) Partition Report
  8) Design Summary
       8.1) Primitive and Black Box Usage
       8.2) Device utilization summary
       8.3) Partition Resource Summary
       8.4) Timing Report
            8.4.1) Clock Information
            8.4.2) Asynchronous Control Signals Information
            8.4.3) Timing Summary
            8.4.4) Timing Details
            8.4.5) Cross Clock Domains Report


=========================================================================
*                      Synthesis Options Summary                        *
=========================================================================
---- Source Parameters
Input File Name                    : "CHIA_2XUNG_CK1HZ_CK10HZ.prj"
Ignore Synthesis Constraint File   : NO

---- Target Parameters
Output File Name                   : "CHIA_2XUNG_CK1HZ_CK10HZ"
Output Format                      : NGC
Target Device                      : xc6slx9-3-tqg144

---- Source Options
Top Module Name                    : CHIA_2XUNG_CK1HZ_CK10HZ
Automatic FSM Extraction           : YES
FSM Encoding Algorithm             : Auto
Safe Implementation                : No
FSM Style                          : LUT
RAM Extraction                     : Yes
RAM Style                          : Auto
ROM Extraction                     : Yes
Shift Register Extraction          : YES
ROM Style                          : Auto
Resource Sharing                   : YES
Asynchronous To Synchronous        : NO
Shift Register Minimum Size        : 2
Use DSP Block                      : Auto
Automatic Register Balancing       : No

---- Target Options
LUT Combining                      : Auto
Reduce Control Sets                : Auto
Add IO Buffers                     : YES
Global Maximum Fanout              : 100000
Add Generic Clock Buffer(BUFG)     : 16
Register Duplication               : YES
Optimize Instantiated Primitives   : NO
Use Clock Enable                   : Auto
Use Synchronous Set                : Auto
Use Synchronous Reset              : Auto
Pack IO Registers into IOBs        : Auto
Equivalent register Removal        : YES

---- General Options
Optimization Goal                  : Speed
Optimization Effort                : 1
Power Reduction                    : NO
Keep Hierarchy                     : No
Netlist Hierarchy                  : As_Optimized
RTL Output                         : Yes
Global Optimization                : AllClockNets
Read Cores                         : YES
Write Timing Constraints           : NO
Cross Clock Analysis               : NO
Hierarchy Separator                : /
Bus Delimiter                      : <>
Case Specifier                     : Maintain
Slice Utilization Ratio            : 100
BRAM Utilization Ratio             : 100
DSP48 Utilization Ratio            : 100
Auto BRAM Packing                  : NO
Slice Utilization Ratio Delta      : 5

=========================================================================


=========================================================================
*                          HDL Parsing                                  *
=========================================================================
Parsing VHDL file "C:\Users\Hau Tran\Desktop\vhdl\chia_2xung_CKHT1hz_CKHT10hz\CHIA_CK1HZ_CK10HZ.vhd" into library work
Parsing entity <CHIA_CK1HZ_CK10HZ>.
Parsing architecture <Behavioral> of entity <chia_ck1hz_ck10hz>.
Parsing VHDL file "C:\Users\Hau Tran\Desktop\vhdl\chia_2xung_CKHT1hz_CKHT10hz\CHIA_2XUNG_CK1HZ_CK10HZ.vhd" into library work
Parsing entity <CHIA_2XUNG_CK1HZ_CK10HZ>.
Parsing architecture <Behavioral> of entity <chia_2xung_ck1hz_ck10hz>.

=========================================================================
*                            HDL Elaboration                            *
=========================================================================

Elaborating entity <CHIA_2XUNG_CK1HZ_CK10HZ> (architecture <Behavioral>) from library <work>.

Elaborating entity <CHIA_CK1HZ_CK10HZ> (architecture <Behavioral>) from library <work>.

=========================================================================
*                           HDL Synthesis                               *
=========================================================================

Synthesizing Unit <CHIA_2XUNG_CK1HZ_CK10HZ>.
    Related source file is "C:\Users\Hau Tran\Desktop\vhdl\chia_2xung_CKHT1hz_CKHT10hz\CHIA_2XUNG_CK1HZ_CK10HZ.vhd".
    Summary:
	no macro.
Unit <CHIA_2XUNG_CK1HZ_CK10HZ> synthesized.

Synthesizing Unit <CHIA_CK1HZ_CK10HZ>.
    Related source file is "C:\Users\Hau Tran\Desktop\vhdl\chia_2xung_CKHT1hz_CKHT10hz\CHIA_CK1HZ_CK10HZ.vhd".
    Found 23-bit register for signal <d10hz_r>.
    Found 26-bit register for signal <d1hz_r>.
    Found 27-bit adder for signal <n0019> created at line 53.
    Found 24-bit adder for signal <n0020> created at line 54.
    Found 26-bit comparator lessequal for signal <GND_4_o_d1hz_r[25]_LessThan_9_o> created at line 56
    Found 23-bit comparator lessequal for signal <GND_4_o_d10hz_r[22]_LessThan_10_o> created at line 57
    Summary:
	inferred   2 Adder/Subtractor(s).
	inferred  49 D-type flip-flop(s).
	inferred   2 Comparator(s).
Unit <CHIA_CK1HZ_CK10HZ> synthesized.

=========================================================================
HDL Synthesis Report

Macro Statistics
# Adders/Subtractors                                   : 2
 24-bit adder                                          : 1
 27-bit adder                                          : 1
# Registers                                            : 2
 23-bit register                                       : 1
 26-bit register                                       : 1
# Comparators                                          : 2
 23-bit comparator lessequal                           : 1
 26-bit comparator lessequal                           : 1

=========================================================================

=========================================================================
*                       Advanced HDL Synthesis                          *
=========================================================================


Synthesizing (advanced) Unit <CHIA_CK1HZ_CK10HZ>.
The following registers are absorbed into counter <d10hz_r>: 1 register on signal <d10hz_r>.
The following registers are absorbed into counter <d1hz_r>: 1 register on signal <d1hz_r>.
Unit <CHIA_CK1HZ_CK10HZ> synthesized (advanced).

=========================================================================
Advanced HDL Synthesis Report

Macro Statistics
# Counters                                             : 2
 23-bit up counter                                     : 1
 26-bit up counter                                     : 1
# Comparators                                          : 2
 23-bit comparator lessequal                           : 1
 26-bit comparator lessequal                           : 1

=========================================================================

=========================================================================
*                         Low Level Synthesis                           *
=========================================================================

Optimizing unit <CHIA_2XUNG_CK1HZ_CK10HZ> ...
INFO:Xst:2261 - The FF/Latch <IC/d1hz_r_0> in Unit <CHIA_2XUNG_CK1HZ_CK10HZ> is equivalent to the following FF/Latch, which will be removed : <IC/d10hz_r_0> 
INFO:Xst:2261 - The FF/Latch <IC/d1hz_r_1> in Unit <CHIA_2XUNG_CK1HZ_CK10HZ> is equivalent to the following FF/Latch, which will be removed : <IC/d10hz_r_1> 
INFO:Xst:2261 - The FF/Latch <IC/d1hz_r_2> in Unit <CHIA_2XUNG_CK1HZ_CK10HZ> is equivalent to the following FF/Latch, which will be removed : <IC/d10hz_r_2> 
INFO:Xst:2261 - The FF/Latch <IC/d1hz_r_3> in Unit <CHIA_2XUNG_CK1HZ_CK10HZ> is equivalent to the following FF/Latch, which will be removed : <IC/d10hz_r_3> 
INFO:Xst:2261 - The FF/Latch <IC/d1hz_r_4> in Unit <CHIA_2XUNG_CK1HZ_CK10HZ> is equivalent to the following FF/Latch, which will be removed : <IC/d10hz_r_4> 
INFO:Xst:2261 - The FF/Latch <IC/d1hz_r_5> in Unit <CHIA_2XUNG_CK1HZ_CK10HZ> is equivalent to the following FF/Latch, which will be removed : <IC/d10hz_r_5> 

Mapping all equations...
Building and optimizing final netlist ...
Found area constraint ratio of 100 (+ 5) on block CHIA_2XUNG_CK1HZ_CK10HZ, actual ratio is 1.

Final Macro Processing ...

=========================================================================
Final Register Report

Macro Statistics
# Registers                                            : 43
 Flip-Flops                                            : 43

=========================================================================

=========================================================================
*                           Partition Report                            *
=========================================================================

Partition Implementation Status
-------------------------------

  No Partitions were found in this design.

-------------------------------

=========================================================================
*                            Design Summary                             *
=========================================================================

Top Level Output File Name         : CHIA_2XUNG_CK1HZ_CK10HZ.ngc

Primitive and Black Box Usage:
------------------------------
# BELS                             : 223
#      GND                         : 1
#      INV                         : 4
#      LUT1                        : 47
#      LUT2                        : 26
#      LUT3                        : 1
#      LUT4                        : 4
#      LUT5                        : 30
#      LUT6                        : 9
#      MUXCY                       : 57
#      VCC                         : 1
#      XORCY                       : 43
# FlipFlops/Latches                : 43
#      FD                          : 43
# Clock Buffers                    : 1
#      BUFGP                       : 1
# IO Buffers                       : 2
#      OBUF                        : 2

Device utilization summary:
---------------------------

Selected Device : 6slx9tqg144-3 


Slice Logic Utilization: 
 Number of Slice Registers:              43  out of  11440     0%  
 Number of Slice LUTs:                  121  out of   5720     2%  
    Number used as Logic:               121  out of   5720     2%  

Slice Logic Distribution: 
 Number of LUT Flip Flop pairs used:    121
   Number with an unused Flip Flop:      78  out of    121    64%  
   Number with an unused LUT:             0  out of    121     0%  
   Number of fully used LUT-FF pairs:    43  out of    121    35%  
   Number of unique control sets:         1

IO Utilization: 
 Number of IOs:                           3
 Number of bonded IOBs:                   3  out of    102     2%  

Specific Feature Utilization:
 Number of BUFG/BUFGCTRLs:                1  out of     16     6%  

---------------------------
Partition Resource Summary:
---------------------------

  No Partitions were found in this design.

---------------------------


=========================================================================
Timing Report

NOTE: THESE TIMING NUMBERS ARE ONLY A SYNTHESIS ESTIMATE.
      FOR ACCURATE TIMING INFORMATION PLEASE REFER TO THE TRACE REPORT
      GENERATED AFTER PLACE-and-ROUTE.

Clock Information:
------------------
-----------------------------------+------------------------+-------+
Clock Signal                       | Clock buffer(FF name)  | Load  |
-----------------------------------+------------------------+-------+
clk                                | BUFGP                  | 43    |
-----------------------------------+------------------------+-------+

Asynchronous Control Signals Information:
----------------------------------------
No asynchronous control signals found in this design

Timing Summary:
---------------
Speed Grade: -3

   Minimum period: 4.010ns (Maximum Frequency: 249.383MHz)
   Minimum input arrival time before clock: No path found
   Maximum output required time after clock: 6.198ns
   Maximum combinational path delay: No path found

Timing Details:
---------------
All values displayed in nanoseconds (ns)

=========================================================================
Timing constraint: Default period analysis for Clock 'clk'
  Clock period: 4.010ns (frequency: 249.383MHz)
  Total number of paths / destination ports: 1673 / 43
-------------------------------------------------------------------------
Delay:               4.010ns (Levels of Logic = 3)
  Source:            IC/d1hz_r_16 (FF)
  Destination:       IC/d1hz_r_3 (FF)
  Source Clock:      clk falling
  Destination Clock: clk falling

  Data Path: IC/d1hz_r_16 to IC/d1hz_r_3
                                Gate     Net
    Cell:in->out      fanout   Delay   Delay  Logical Name (Net Name)
    ----------------------------------------  ------------
     FD:C->Q               4   0.447   1.028  IC/d1hz_r_16 (IC/d1hz_r_16)
     LUT6:I1->O            2   0.203   0.864  IC/PWR_4_o_d1hz_r[25]_equal_3_o<25>4 (IC/PWR_4_o_d1hz_r[25]_equal_3_o<25>3)
     LUT6:I2->O           14   0.203   0.958  IC/PWR_4_o_d1hz_r[25]_equal_3_o<25>5 (IC/PWR_4_o_d1hz_r[25]_equal_3_o)
     LUT2:I1->O            1   0.205   0.000  IC/d1hz_r_0_rstpot (IC/d1hz_r_0_rstpot)
     FD:D                      0.102          IC/d1hz_r_0
    ----------------------------------------
    Total                      4.010ns (1.160ns logic, 2.850ns route)
                                       (28.9% logic, 71.1% route)

=========================================================================
Timing constraint: Default OFFSET OUT AFTER for Clock 'clk'
  Total number of paths / destination ports: 79 / 2
-------------------------------------------------------------------------
Offset:              6.198ns (Levels of Logic = 7)
  Source:            IC/d1hz_r_0 (FF)
  Destination:       led<1> (PAD)
  Source Clock:      clk falling

  Data Path: IC/d1hz_r_0 to led<1>
                                Gate     Net
    Cell:in->out      fanout   Delay   Delay  Logical Name (Net Name)
    ----------------------------------------  ------------
     FD:C->Q               6   0.447   1.089  IC/d1hz_r_0 (IC/d1hz_r_0)
     LUT5:I0->O            1   0.203   0.000  IC/Mcompar_CK10HZ_lut<0> (IC/Mcompar_CK10HZ_lut<0>)
     MUXCY:S->O            1   0.172   0.000  IC/Mcompar_CK10HZ_cy<0> (IC/Mcompar_CK10HZ_cy<0>)
     MUXCY:CI->O           1   0.019   0.000  IC/Mcompar_CK10HZ_cy<1> (IC/Mcompar_CK10HZ_cy<1>)
     MUXCY:CI->O           1   0.019   0.000  IC/Mcompar_CK10HZ_cy<2> (IC/Mcompar_CK10HZ_cy<2>)
     MUXCY:CI->O           1   0.213   0.684  IC/Mcompar_CK10HZ_cy<3> (IC/Mcompar_CK10HZ_cy<3>)
     LUT4:I2->O            1   0.203   0.579  IC/Mcompar_CK10HZ_cy<4> (led_1_OBUF)
     OBUF:I->O                 2.571          led_1_OBUF (led<1>)
    ----------------------------------------
    Total                      6.198ns (3.847ns logic, 2.351ns route)
                                       (62.1% logic, 37.9% route)

=========================================================================

Cross Clock Domains Report:
--------------------------

Clock to Setup on destination clock clk
---------------+---------+---------+---------+---------+
               | Src:Rise| Src:Fall| Src:Rise| Src:Fall|
Source Clock   |Dest:Rise|Dest:Rise|Dest:Fall|Dest:Fall|
---------------+---------+---------+---------+---------+
clk            |         |         |    4.010|         |
---------------+---------+---------+---------+---------+

=========================================================================


Total REAL time to Xst completion: 3.00 secs
Total CPU time to Xst completion: 3.29 secs
 
--> 

Total memory usage is 4487420 kilobytes

Number of errors   :    0 (   0 filtered)
Number of warnings :    0 (   0 filtered)
Number of infos    :    6 (   0 filtered)

