--------------------------------------------------------------------------------
Release 14.7 Trace  (nt64)
Copyright (c) 1995-2013 Xilinx, Inc.  All rights reserved.

C:\Xilinx\14.7\ISE_DS\ISE\bin\nt64\unwrapped\trce.exe -intstyle ise -v 3 -s 3
-n 3 -fastpaths -xml HT_8SO_8L7D.twx HT_8SO_8L7D.ncd -o HT_8SO_8L7D.twr
HT_8SO_8L7D.pcf

Design file:              HT_8SO_8L7D.ncd
Physical constraint file: HT_8SO_8L7D.pcf
Device,package,speed:     xc6slx9,tqg144,C,-3 (PRODUCTION 1.23 2013-10-13)
Report level:             verbose report

Environment Variable      Effect 
--------------------      ------ 
NONE                      No environment variables were set
--------------------------------------------------------------------------------

INFO:Timing:2698 - No timing constraints found, doing default enumeration.
INFO:Timing:3412 - To improve timing, see the Timing Closure User Guide (UG612).
INFO:Timing:2752 - To get complete path coverage, use the unconstrained paths 
   option. All paths that are not constrained will be reported in the 
   unconstrained paths section(s) of the report.
INFO:Timing:3339 - The clock-to-out numbers in this timing report are based on 
   a 50 Ohm transmission line loading model.  For the details of this model, 
   and for more information on accounting for different loading conditions, 
   please see the device datasheet.



Data Sheet report:
-----------------
All values displayed in nanoseconds (ns)

Clock CKHT to Pad
------------+-----------------+------------+-----------------+------------+------------------+--------+
            |Max (slowest) clk|  Process   |Min (fastest) clk|  Process   |                  | Clock  |
Destination |  (edge) to PAD  |   Corner   |  (edge) to PAD  |   Corner   |Internal Clock(s) | Phase  |
------------+-----------------+------------+-----------------+------------+------------------+--------+
anode<0>    |         8.757(F)|      SLOW  |         4.357(F)|      FAST  |CKHT_BUFGP        |   0.000|
anode<1>    |         9.121(F)|      SLOW  |         4.590(F)|      FAST  |CKHT_BUFGP        |   0.000|
anode<2>    |         9.008(F)|      SLOW  |         4.636(F)|      FAST  |CKHT_BUFGP        |   0.000|
anode<3>    |         9.153(F)|      SLOW  |         4.641(F)|      FAST  |CKHT_BUFGP        |   0.000|
anode<4>    |         9.315(F)|      SLOW  |         4.896(F)|      FAST  |CKHT_BUFGP        |   0.000|
anode<5>    |         8.466(F)|      SLOW  |         4.198(F)|      FAST  |CKHT_BUFGP        |   0.000|
anode<6>    |         8.431(F)|      SLOW  |         4.152(F)|      FAST  |CKHT_BUFGP        |   0.000|
anode<7>    |         9.051(F)|      SLOW  |         4.612(F)|      FAST  |CKHT_BUFGP        |   0.000|
sseg<0>     |         8.752(F)|      SLOW  |         4.540(F)|      FAST  |CKHT_BUFGP        |   0.000|
sseg<1>     |         8.731(F)|      SLOW  |         4.476(F)|      FAST  |CKHT_BUFGP        |   0.000|
sseg<2>     |         9.246(F)|      SLOW  |         4.568(F)|      FAST  |CKHT_BUFGP        |   0.000|
sseg<3>     |         8.852(F)|      SLOW  |         4.512(F)|      FAST  |CKHT_BUFGP        |   0.000|
sseg<4>     |         9.241(F)|      SLOW  |         4.902(F)|      FAST  |CKHT_BUFGP        |   0.000|
sseg<5>     |         9.165(F)|      SLOW  |         4.823(F)|      FAST  |CKHT_BUFGP        |   0.000|
sseg<6>     |         8.948(F)|      SLOW  |         4.579(F)|      FAST  |CKHT_BUFGP        |   0.000|
------------+-----------------+------------+-----------------+------------+------------------+--------+

Clock to Setup on destination clock CKHT
---------------+---------+---------+---------+---------+
               | Src:Rise| Src:Fall| Src:Rise| Src:Fall|
Source Clock   |Dest:Rise|Dest:Rise|Dest:Fall|Dest:Fall|
---------------+---------+---------+---------+---------+
CKHT           |         |         |         |    3.337|
---------------+---------+---------+---------+---------+


Analysis completed Tue Aug 08 09:17:57 2023 
--------------------------------------------------------------------------------

Trace Settings:
-------------------------
Trace Settings 

Peak Memory Usage: 4572 MB



