Release 14.7 - xst P.20131013 (nt64)
Copyright (c) 1995-2013 Xilinx, Inc.  All rights reserved.
--> Parameter TMPDIR set to xst/projnav.tmp


Total REAL time to Xst completion: 0.00 secs
Total CPU time to Xst completion: 0.09 secs
 
--> Parameter xsthdpdir set to xst


Total REAL time to Xst completion: 0.00 secs
Total CPU time to Xst completion: 0.09 secs
 
--> Reading design: dem_4digit_7doan.prj

TABLE OF CONTENTS
  1) Synthesis Options Summary
  2) HDL Parsing
  3) HDL Elaboration
  4) HDL Synthesis
       4.1) HDL Synthesis Report
  5) Advanced HDL Synthesis
       5.1) Advanced HDL Synthesis Report
  6) Low Level Synthesis
  7) Partition Report
  8) Design Summary
       8.1) Primitive and Black Box Usage
       8.2) Device utilization summary
       8.3) Partition Resource Summary
       8.4) Timing Report
            8.4.1) Clock Information
            8.4.2) Asynchronous Control Signals Information
            8.4.3) Timing Summary
            8.4.4) Timing Details
            8.4.5) Cross Clock Domains Report


=========================================================================
*                      Synthesis Options Summary                        *
=========================================================================
---- Source Parameters
Input File Name                    : "dem_4digit_7doan.prj"
Ignore Synthesis Constraint File   : NO

---- Target Parameters
Output File Name                   : "dem_4digit_7doan"
Output Format                      : NGC
Target Device                      : xc6slx9-3-tqg144

---- Source Options
Top Module Name                    : dem_4digit_7doan
Automatic FSM Extraction           : YES
FSM Encoding Algorithm             : Auto
Safe Implementation                : No
FSM Style                          : LUT
RAM Extraction                     : Yes
RAM Style                          : Auto
ROM Extraction                     : Yes
Shift Register Extraction          : YES
ROM Style                          : Auto
Resource Sharing                   : YES
Asynchronous To Synchronous        : NO
Shift Register Minimum Size        : 2
Use DSP Block                      : Auto
Automatic Register Balancing       : No

---- Target Options
LUT Combining                      : Auto
Reduce Control Sets                : Auto
Add IO Buffers                     : YES
Global Maximum Fanout              : 100000
Add Generic Clock Buffer(BUFG)     : 16
Register Duplication               : YES
Optimize Instantiated Primitives   : NO
Use Clock Enable                   : Auto
Use Synchronous Set                : Auto
Use Synchronous Reset              : Auto
Pack IO Registers into IOBs        : Auto
Equivalent register Removal        : YES

---- General Options
Optimization Goal                  : Speed
Optimization Effort                : 1
Power Reduction                    : NO
Keep Hierarchy                     : No
Netlist Hierarchy                  : As_Optimized
RTL Output                         : Yes
Global Optimization                : AllClockNets
Read Cores                         : YES
Write Timing Constraints           : NO
Cross Clock Analysis               : NO
Hierarchy Separator                : /
Bus Delimiter                      : <>
Case Specifier                     : Maintain
Slice Utilization Ratio            : 100
BRAM Utilization Ratio             : 100
DSP48 Utilization Ratio            : 100
Auto BRAM Packing                  : NO
Slice Utilization Ratio Delta      : 5

=========================================================================


=========================================================================
*                          HDL Parsing                                  *
=========================================================================
Parsing VHDL file "C:\Users\Hau Tran\Desktop\vhdl\ds18b20_ver2\giaima_7doan.vhd" into library work
Parsing entity <giaima_7doan>.
Parsing architecture <Behavioral> of entity <giaima_7doan>.
Parsing VHDL file "C:\Users\Hau Tran\Desktop\vhdl\dem_00_99_ht_7doan_fix\CHIA_CK1HZ_CK10HZ.vhd" into library work
Parsing entity <CHIA_CK1HZ_CK10HZ>.
Parsing architecture <Behavioral> of entity <chia_ck1hz_ck10hz>.
Parsing VHDL file "C:\Users\Hau Tran\Desktop\vhdl\dem_000_999_ht_7doan\giaima_24h.vhd" into library work
Parsing entity <giaima_24h>.
Parsing architecture <Behavioral> of entity <giaima_24h>.
Parsing VHDL file "C:\Users\Hau Tran\Desktop\vhdl\dem_000_999_ht_7doan\dem_4so.vhd" into library work
Parsing entity <dem_4so>.
Parsing architecture <Behavioral> of entity <dem_4so>.
Parsing VHDL file "C:\Users\Hau Tran\Desktop\vhdl\dem_000_999_ht_7doan\dem_2bits.vhd" into library work
Parsing entity <dem_2bits>.
Parsing architecture <Behavioral> of entity <dem_2bits>.
Parsing VHDL file "C:\Users\Hau Tran\Desktop\vhdl\dem_000_999_ht_7doan\dahop_4kenh.vhd" into library work
Parsing entity <dahop_4kenh>.
Parsing architecture <Behavioral> of entity <dahop_4kenh>.
Parsing VHDL file "C:\Users\Hau Tran\Desktop\vhdl\dem_000_999_ht_7doan\dem_4digit_7doan.vhd" into library work
Parsing entity <dem_4digit_7doan>.
Parsing architecture <Behavioral> of entity <dem_4digit_7doan>.

=========================================================================
*                            HDL Elaboration                            *
=========================================================================

Elaborating entity <dem_4digit_7doan> (architecture <Behavioral>) from library <work>.

Elaborating entity <CHIA_CK1HZ_CK10HZ> (architecture <Behavioral>) from library <work>.

Elaborating entity <dem_4so> (architecture <Behavioral>) from library <work>.

Elaborating entity <dem_2bits> (architecture <Behavioral>) from library <work>.

Elaborating entity <dahop_4kenh> (architecture <Behavioral>) from library <work>.

Elaborating entity <giaima_24h> (architecture <Behavioral>) from library <work>.

Elaborating entity <giaima_7doan> (architecture <Behavioral>) from library <work>.

=========================================================================
*                           HDL Synthesis                               *
=========================================================================

Synthesizing Unit <dem_4digit_7doan>.
    Related source file is "C:\Users\Hau Tran\Desktop\vhdl\dem_000_999_ht_7doan\dem_4digit_7doan.vhd".
    Summary:
	no macro.
Unit <dem_4digit_7doan> synthesized.

Synthesizing Unit <CHIA_CK1HZ_CK10HZ>.
    Related source file is "C:\Users\Hau Tran\Desktop\vhdl\dem_00_99_ht_7doan_fix\CHIA_CK1HZ_CK10HZ.vhd".
    Found 16-bit register for signal <d1khz_r>.
    Found 20-bit register for signal <d1hz_r>.
    Found 21-bit adder for signal <n0017> created at line 53.
    Found 17-bit adder for signal <n0018> created at line 54.
    Summary:
	inferred   2 Adder/Subtractor(s).
	inferred  36 D-type flip-flop(s).
Unit <CHIA_CK1HZ_CK10HZ> synthesized.

Synthesizing Unit <dem_4so>.
    Related source file is "C:\Users\Hau Tran\Desktop\vhdl\dem_000_999_ht_7doan\dem_4so.vhd".
    Found 4-bit register for signal <chuc_r>.
    Found 4-bit register for signal <tram_r>.
    Found 4-bit register for signal <nghin_r>.
    Found 4-bit register for signal <donvi_r>.
    Found 4-bit adder for signal <nghin_r[3]_GND_7_o_add_11_OUT> created at line 1241.
    Found 4-bit adder for signal <tram_r[3]_GND_7_o_add_12_OUT> created at line 1241.
    Found 4-bit adder for signal <chuc_r[3]_GND_7_o_add_15_OUT> created at line 1241.
    Found 4-bit adder for signal <donvi_r[3]_GND_7_o_add_19_OUT> created at line 1241.
    Summary:
	inferred   4 Adder/Subtractor(s).
	inferred  16 D-type flip-flop(s).
	inferred   7 Multiplexer(s).
Unit <dem_4so> synthesized.

Synthesizing Unit <dem_2bits>.
    Related source file is "C:\Users\Hau Tran\Desktop\vhdl\dem_000_999_ht_7doan\dem_2bits.vhd".
    Found 2-bit register for signal <q_r>.
    Found 2-bit adder for signal <q_r[1]_GND_8_o_add_1_OUT> created at line 1241.
    Summary:
	inferred   1 Adder/Subtractor(s).
	inferred   2 D-type flip-flop(s).
Unit <dem_2bits> synthesized.

Synthesizing Unit <dahop_4kenh>.
    Related source file is "C:\Users\Hau Tran\Desktop\vhdl\dem_000_999_ht_7doan\dahop_4kenh.vhd".
    Found 4-bit 4-to-1 multiplexer for signal <o> created at line 39.
    Summary:
	inferred   1 Multiplexer(s).
Unit <dahop_4kenh> synthesized.

Synthesizing Unit <giaima_24h>.
    Related source file is "C:\Users\Hau Tran\Desktop\vhdl\dem_000_999_ht_7doan\giaima_24h.vhd".
    Found 4x4-bit Read Only RAM for signal <o>
    Summary:
	inferred   1 RAM(s).
Unit <giaima_24h> synthesized.

Synthesizing Unit <giaima_7doan>.
    Related source file is "C:\Users\Hau Tran\Desktop\vhdl\ds18b20_ver2\giaima_7doan.vhd".
    Found 16x8-bit Read Only RAM for signal <sseg>
    Summary:
	inferred   1 RAM(s).
Unit <giaima_7doan> synthesized.

=========================================================================
HDL Synthesis Report

Macro Statistics
# RAMs                                                 : 2
 16x8-bit single-port Read Only RAM                    : 1
 4x4-bit single-port Read Only RAM                     : 1
# Adders/Subtractors                                   : 7
 17-bit adder                                          : 1
 2-bit adder                                           : 1
 21-bit adder                                          : 1
 4-bit adder                                           : 4
# Registers                                            : 7
 16-bit register                                       : 1
 2-bit register                                        : 1
 20-bit register                                       : 1
 4-bit register                                        : 4
# Multiplexers                                         : 8
 4-bit 2-to-1 multiplexer                              : 7
 4-bit 4-to-1 multiplexer                              : 1

=========================================================================

=========================================================================
*                       Advanced HDL Synthesis                          *
=========================================================================


Synthesizing (advanced) Unit <CHIA_CK1HZ_CK10HZ>.
The following registers are absorbed into counter <d1khz_r>: 1 register on signal <d1khz_r>.
The following registers are absorbed into counter <d1hz_r>: 1 register on signal <d1hz_r>.
Unit <CHIA_CK1HZ_CK10HZ> synthesized (advanced).

Synthesizing (advanced) Unit <dem_2bits>.
The following registers are absorbed into counter <q_r>: 1 register on signal <q_r>.
Unit <dem_2bits> synthesized (advanced).

Synthesizing (advanced) Unit <dem_4so>.
The following registers are absorbed into counter <nghin_r>: 1 register on signal <nghin_r>.
Unit <dem_4so> synthesized (advanced).

Synthesizing (advanced) Unit <giaima_24h>.
INFO:Xst:3218 - HDL ADVISOR - The RAM <Mram_o> will be implemented on LUTs either because you have described an asynchronous read or because of currently unsupported block RAM features. If you have described an asynchronous read, making it synchronous would allow you to take advantage of available block RAM resources, for optimized device usage and improved timings. Please refer to your documentation for coding guidelines.
    -----------------------------------------------------------------------
    | ram_type           | Distributed                         |          |
    -----------------------------------------------------------------------
    | Port A                                                              |
    |     aspect ratio   | 4-word x 4-bit                      |          |
    |     weA            | connected to signal <GND>           | high     |
    |     addrA          | connected to signal <i>             |          |
    |     diA            | connected to signal <GND>           |          |
    |     doA            | connected to signal <o>             |          |
    -----------------------------------------------------------------------
Unit <giaima_24h> synthesized (advanced).

Synthesizing (advanced) Unit <giaima_7doan>.
INFO:Xst:3218 - HDL ADVISOR - The RAM <Mram_sseg> will be implemented on LUTs either because you have described an asynchronous read or because of currently unsupported block RAM features. If you have described an asynchronous read, making it synchronous would allow you to take advantage of available block RAM resources, for optimized device usage and improved timings. Please refer to your documentation for coding guidelines.
    -----------------------------------------------------------------------
    | ram_type           | Distributed                         |          |
    -----------------------------------------------------------------------
    | Port A                                                              |
    |     aspect ratio   | 16-word x 8-bit                     |          |
    |     weA            | connected to signal <GND>           | high     |
    |     addrA          | connected to signal <so_gma>        |          |
    |     diA            | connected to signal <GND>           |          |
    |     doA            | connected to signal <sseg>          |          |
    -----------------------------------------------------------------------
Unit <giaima_7doan> synthesized (advanced).

=========================================================================
Advanced HDL Synthesis Report

Macro Statistics
# RAMs                                                 : 2
 16x8-bit single-port distributed Read Only RAM        : 1
 4x4-bit single-port distributed Read Only RAM         : 1
# Adders/Subtractors                                   : 3
 4-bit adder                                           : 3
# Counters                                             : 4
 16-bit up counter                                     : 1
 2-bit up counter                                      : 1
 20-bit up counter                                     : 1
 4-bit up counter                                      : 1
# Registers                                            : 12
 Flip-Flops                                            : 12
# Multiplexers                                         : 7
 4-bit 2-to-1 multiplexer                              : 6
 4-bit 4-to-1 multiplexer                              : 1

=========================================================================

=========================================================================
*                         Low Level Synthesis                           *
=========================================================================

Optimizing unit <dem_4digit_7doan> ...

Optimizing unit <CHIA_CK1HZ_CK10HZ> ...

Optimizing unit <dem_4so> ...
INFO:Xst:2261 - The FF/Latch <IC1/d1hz_r_0> in Unit <dem_4digit_7doan> is equivalent to the following FF/Latch, which will be removed : <IC1/d1khz_r_0> 
INFO:Xst:2261 - The FF/Latch <IC1/d1hz_r_1> in Unit <dem_4digit_7doan> is equivalent to the following FF/Latch, which will be removed : <IC1/d1khz_r_1> 
INFO:Xst:2261 - The FF/Latch <IC1/d1hz_r_2> in Unit <dem_4digit_7doan> is equivalent to the following FF/Latch, which will be removed : <IC1/d1khz_r_2> 
INFO:Xst:2261 - The FF/Latch <IC1/d1hz_r_3> in Unit <dem_4digit_7doan> is equivalent to the following FF/Latch, which will be removed : <IC1/d1khz_r_3> 

Mapping all equations...
Building and optimizing final netlist ...
Found area constraint ratio of 100 (+ 5) on block dem_4digit_7doan, actual ratio is 2.

Final Macro Processing ...

=========================================================================
Final Register Report

Macro Statistics
# Registers                                            : 50
 Flip-Flops                                            : 50

=========================================================================

=========================================================================
*                           Partition Report                            *
=========================================================================

Partition Implementation Status
-------------------------------

  No Partitions were found in this design.

-------------------------------

=========================================================================
*                            Design Summary                             *
=========================================================================

Top Level Output File Name         : dem_4digit_7doan.ngc

Primitive and Black Box Usage:
------------------------------
# BELS                             : 201
#      GND                         : 1
#      INV                         : 5
#      LUT1                        : 34
#      LUT2                        : 27
#      LUT3                        : 7
#      LUT4                        : 18
#      LUT5                        : 7
#      LUT6                        : 34
#      MUXCY                       : 34
#      MUXF7                       : 1
#      VCC                         : 1
#      XORCY                       : 32
# FlipFlops/Latches                : 50
#      FD                          : 20
#      FDC_1                       : 2
#      FDCE                        : 4
#      FDCE_1                      : 10
#      FDE                         : 2
#      FDR                         : 12
# Clock Buffers                    : 1
#      BUFGP                       : 1
# IO Buffers                       : 18
#      IBUF                        : 2
#      OBUF                        : 16

Device utilization summary:
---------------------------

Selected Device : 6slx9tqg144-3 


Slice Logic Utilization: 
 Number of Slice Registers:              50  out of  11440     0%  
 Number of Slice LUTs:                  132  out of   5720     2%  
    Number used as Logic:               132  out of   5720     2%  

Slice Logic Distribution: 
 Number of LUT Flip Flop pairs used:    132
   Number with an unused Flip Flop:      82  out of    132    62%  
   Number with an unused LUT:             0  out of    132     0%  
   Number of fully used LUT-FF pairs:    50  out of    132    37%  
   Number of unique control sets:         9

IO Utilization: 
 Number of IOs:                          19
 Number of bonded IOBs:                  19  out of    102    18%  

Specific Feature Utilization:
 Number of BUFG/BUFGCTRLs:                1  out of     16     6%  

---------------------------
Partition Resource Summary:
---------------------------

  No Partitions were found in this design.

---------------------------


=========================================================================
Timing Report

NOTE: THESE TIMING NUMBERS ARE ONLY A SYNTHESIS ESTIMATE.
      FOR ACCURATE TIMING INFORMATION PLEASE REFER TO THE TRACE REPORT
      GENERATED AFTER PLACE-and-ROUTE.

Clock Information:
------------------
-----------------------------------+------------------------+-------+
Clock Signal                       | Clock buffer(FF name)  | Load  |
-----------------------------------+------------------------+-------+
CKHT                               | BUFGP                  | 50    |
-----------------------------------+------------------------+-------+

Asynchronous Control Signals Information:
----------------------------------------
No asynchronous control signals found in this design

Timing Summary:
---------------
Speed Grade: -3

   Minimum period: 4.107ns (Maximum Frequency: 243.499MHz)
   Minimum input arrival time before clock: 4.756ns
   Maximum output required time after clock: 6.244ns
   Maximum combinational path delay: No path found

Timing Details:
---------------
All values displayed in nanoseconds (ns)

=========================================================================
Timing constraint: Default period analysis for Clock 'CKHT'
  Clock period: 4.107ns (frequency: 243.499MHz)
  Total number of paths / destination ports: 1678 / 78
-------------------------------------------------------------------------
Delay:               4.107ns (Levels of Logic = 3)
  Source:            IC1/d1hz_r_15 (FF)
  Destination:       IC1/d1hz_r_19 (FF)
  Source Clock:      CKHT falling
  Destination Clock: CKHT falling

  Data Path: IC1/d1hz_r_15 to IC1/d1hz_r_19
                                Gate     Net
    Cell:in->out      fanout   Delay   Delay  Logical Name (Net Name)
    ----------------------------------------  ------------
     FD:C->Q               4   0.447   1.028  IC1/d1hz_r_15 (IC1/d1hz_r_15)
     LUT5:I0->O            2   0.203   0.845  IC1/PWR_4_o_d1hz_r[19]_equal_3_o<19>_SW1 (N31)
     LUT6:I3->O           19   0.205   1.072  IC1/PWR_4_o_d1hz_r[19]_equal_3_o<19> (IC1/PWR_4_o_d1hz_r[19]_equal_3_o)
     LUT2:I1->O            1   0.205   0.000  IC1/d1hz_r_19_rstpot (IC1/d1hz_r_19_rstpot)
     FD:D                      0.102          IC1/d1hz_r_19
    ----------------------------------------
    Total                      4.107ns (1.162ns logic, 2.945ns route)
                                       (28.3% logic, 71.7% route)

=========================================================================
Timing constraint: Default OFFSET IN BEFORE for Clock 'CKHT'
  Total number of paths / destination ports: 32 / 32
-------------------------------------------------------------------------
Offset:              4.756ns (Levels of Logic = 4)
  Source:            sw0 (PAD)
  Destination:       IC2/tram_r_0 (FF)
  Destination Clock: CKHT falling

  Data Path: sw0 to IC2/tram_r_0
                                Gate     Net
    Cell:in->out      fanout   Delay   Delay  Logical Name (Net Name)
    ----------------------------------------  ------------
     IBUF:I->O             3   1.222   1.015  sw0_IBUF (sw0_IBUF)
     LUT6:I0->O            2   0.203   0.845  IC2/ena_SW0_SW0 (N27)
     LUT6:I3->O           10   0.205   0.961  IC2/ena (IC2/ena)
     LUT4:I2->O            1   0.203   0.000  IC2/tram_r_0_rstpot (IC2/tram_r_0_rstpot)
     FDC_1:D                   0.102          IC2/tram_r_0
    ----------------------------------------
    Total                      4.756ns (1.935ns logic, 2.821ns route)
                                       (40.7% logic, 59.3% route)

=========================================================================
Timing constraint: Default OFFSET OUT AFTER for Clock 'CKHT'
  Total number of paths / destination ports: 176 / 11
-------------------------------------------------------------------------
Offset:              6.244ns (Levels of Logic = 3)
  Source:            IC3/q_r_0 (FF)
  Destination:       sseg<6> (PAD)
  Source Clock:      CKHT falling

  Data Path: IC3/q_r_0 to sseg<6>
                                Gate     Net
    Cell:in->out      fanout   Delay   Delay  Logical Name (Net Name)
    ----------------------------------------  ------------
     FDE:C->Q             10   0.447   1.221  IC3/q_r_0 (IC3/q_r_0)
     LUT6:I0->O            7   0.203   1.021  IC4/Mmux_o11 (so_gma<0>)
     LUT4:I0->O            1   0.203   0.579  IC6/Mram_sseg41 (sseg_4_OBUF)
     OBUF:I->O                 2.571          sseg_4_OBUF (sseg<4>)
    ----------------------------------------
    Total                      6.244ns (3.424ns logic, 2.820ns route)
                                       (54.8% logic, 45.2% route)

=========================================================================

Cross Clock Domains Report:
--------------------------

Clock to Setup on destination clock CKHT
---------------+---------+---------+---------+---------+
               | Src:Rise| Src:Fall| Src:Rise| Src:Fall|
Source Clock   |Dest:Rise|Dest:Rise|Dest:Fall|Dest:Fall|
---------------+---------+---------+---------+---------+
CKHT           |         |         |    4.107|         |
---------------+---------+---------+---------+---------+

=========================================================================


Total REAL time to Xst completion: 4.00 secs
Total CPU time to Xst completion: 3.73 secs
 
--> 

Total memory usage is 4504004 kilobytes

Number of errors   :    0 (   0 filtered)
Number of warnings :    0 (   0 filtered)
Number of infos    :    6 (   0 filtered)

