Release 14.7 - xst P.20131013 (nt64)
Copyright (c) 1995-2013 Xilinx, Inc.  All rights reserved.
--> Parameter TMPDIR set to xst/projnav.tmp


Total REAL time to Xst completion: 0.00 secs
Total CPU time to Xst completion: 0.08 secs
 
--> Parameter xsthdpdir set to xst


Total REAL time to Xst completion: 0.00 secs
Total CPU time to Xst completion: 0.09 secs
 
--> Reading design: DEM_NGAU_NHIEN_3BITS.prj

TABLE OF CONTENTS
  1) Synthesis Options Summary
  2) HDL Parsing
  3) HDL Elaboration
  4) HDL Synthesis
       4.1) HDL Synthesis Report
  5) Advanced HDL Synthesis
       5.1) Advanced HDL Synthesis Report
  6) Low Level Synthesis
  7) Partition Report
  8) Design Summary
       8.1) Primitive and Black Box Usage
       8.2) Device utilization summary
       8.3) Partition Resource Summary
       8.4) Timing Report
            8.4.1) Clock Information
            8.4.2) Asynchronous Control Signals Information
            8.4.3) Timing Summary
            8.4.4) Timing Details
            8.4.5) Cross Clock Domains Report


=========================================================================
*                      Synthesis Options Summary                        *
=========================================================================
---- Source Parameters
Input File Name                    : "DEM_NGAU_NHIEN_3BITS.prj"
Ignore Synthesis Constraint File   : NO

---- Target Parameters
Output File Name                   : "DEM_NGAU_NHIEN_3BITS"
Output Format                      : NGC
Target Device                      : xc6slx9-3-tqg144

---- Source Options
Top Module Name                    : DEM_NGAU_NHIEN_3BITS
Automatic FSM Extraction           : YES
FSM Encoding Algorithm             : Auto
Safe Implementation                : No
FSM Style                          : LUT
RAM Extraction                     : Yes
RAM Style                          : Auto
ROM Extraction                     : Yes
Shift Register Extraction          : YES
ROM Style                          : Auto
Resource Sharing                   : YES
Asynchronous To Synchronous        : NO
Shift Register Minimum Size        : 2
Use DSP Block                      : Auto
Automatic Register Balancing       : No

---- Target Options
LUT Combining                      : Auto
Reduce Control Sets                : Auto
Add IO Buffers                     : YES
Global Maximum Fanout              : 100000
Add Generic Clock Buffer(BUFG)     : 16
Register Duplication               : YES
Optimize Instantiated Primitives   : NO
Use Clock Enable                   : Auto
Use Synchronous Set                : Auto
Use Synchronous Reset              : Auto
Pack IO Registers into IOBs        : Auto
Equivalent register Removal        : YES

---- General Options
Optimization Goal                  : Speed
Optimization Effort                : 1
Power Reduction                    : NO
Keep Hierarchy                     : No
Netlist Hierarchy                  : As_Optimized
RTL Output                         : Yes
Global Optimization                : AllClockNets
Read Cores                         : YES
Write Timing Constraints           : NO
Cross Clock Analysis               : NO
Hierarchy Separator                : /
Bus Delimiter                      : <>
Case Specifier                     : Maintain
Slice Utilization Ratio            : 100
BRAM Utilization Ratio             : 100
DSP48 Utilization Ratio            : 100
Auto BRAM Packing                  : NO
Slice Utilization Ratio Delta      : 5

=========================================================================


=========================================================================
*                          HDL Parsing                                  *
=========================================================================
Parsing VHDL file "C:\Users\Hau Tran\Desktop\vhdl\DEM_NGAU_NHIEN\DEM_NGAU_NHIEN_3BITS.vhd" into library work
Parsing entity <DEM_NGAU_NHIEN_3BITS>.
Parsing architecture <Behavioral> of entity <dem_ngau_nhien_3bits>.

=========================================================================
*                            HDL Elaboration                            *
=========================================================================

Elaborating entity <DEM_NGAU_NHIEN_3BITS> (architecture <Behavioral>) from library <work>.

=========================================================================
*                           HDL Synthesis                               *
=========================================================================

Synthesizing Unit <DEM_NGAU_NHIEN_3BITS>.
    Related source file is "C:\Users\Hau Tran\Desktop\vhdl\DEM_NGAU_NHIEN\DEM_NGAU_NHIEN_3BITS.vhd".
    Found 3-bit register for signal <tt_reg>.
    Found 3-bit adder for signal <tt_next> created at line 1241.
    Found 8x3-bit Read Only RAM for signal <led>
    Summary:
	inferred   1 RAM(s).
	inferred   1 Adder/Subtractor(s).
	inferred   3 D-type flip-flop(s).
Unit <DEM_NGAU_NHIEN_3BITS> synthesized.

=========================================================================
HDL Synthesis Report

Macro Statistics
# RAMs                                                 : 1
 8x3-bit single-port Read Only RAM                     : 1
# Adders/Subtractors                                   : 1
 3-bit adder                                           : 1
# Registers                                            : 1
 3-bit register                                        : 1

=========================================================================

=========================================================================
*                       Advanced HDL Synthesis                          *
=========================================================================


Synthesizing (advanced) Unit <DEM_NGAU_NHIEN_3BITS>.
The following registers are absorbed into counter <tt_reg>: 1 register on signal <tt_reg>.
INFO:Xst:3218 - HDL ADVISOR - The RAM <Mram_led> will be implemented on LUTs either because you have described an asynchronous read or because of currently unsupported block RAM features. If you have described an asynchronous read, making it synchronous would allow you to take advantage of available block RAM resources, for optimized device usage and improved timings. Please refer to your documentation for coding guidelines.
    -----------------------------------------------------------------------
    | ram_type           | Distributed                         |          |
    -----------------------------------------------------------------------
    | Port A                                                              |
    |     aspect ratio   | 8-word x 3-bit                      |          |
    |     weA            | connected to signal <GND>           | high     |
    |     addrA          | connected to signal <tt_reg>        |          |
    |     diA            | connected to signal <GND>           |          |
    |     doA            | connected to signal <led>           |          |
    -----------------------------------------------------------------------
Unit <DEM_NGAU_NHIEN_3BITS> synthesized (advanced).

=========================================================================
Advanced HDL Synthesis Report

Macro Statistics
# RAMs                                                 : 1
 8x3-bit single-port distributed Read Only RAM         : 1
# Counters                                             : 1
 3-bit up counter                                      : 1

=========================================================================

=========================================================================
*                         Low Level Synthesis                           *
=========================================================================

Optimizing unit <DEM_NGAU_NHIEN_3BITS> ...

Mapping all equations...
Building and optimizing final netlist ...
Found area constraint ratio of 100 (+ 5) on block DEM_NGAU_NHIEN_3BITS, actual ratio is 0.

Final Macro Processing ...

=========================================================================
Final Register Report

Macro Statistics
# Registers                                            : 3
 Flip-Flops                                            : 3

=========================================================================

=========================================================================
*                           Partition Report                            *
=========================================================================

Partition Implementation Status
-------------------------------

  No Partitions were found in this design.

-------------------------------

=========================================================================
*                            Design Summary                             *
=========================================================================

Top Level Output File Name         : DEM_NGAU_NHIEN_3BITS.ngc

Primitive and Black Box Usage:
------------------------------
# BELS                             : 8
#      INV                         : 3
#      LUT2                        : 1
#      LUT3                        : 4
# FlipFlops/Latches                : 3
#      FDC                         : 3
# Clock Buffers                    : 1
#      BUFGP                       : 1
# IO Buffers                       : 4
#      IBUF                        : 1
#      OBUF                        : 3

Device utilization summary:
---------------------------

Selected Device : 6slx9tqg144-3 


Slice Logic Utilization: 
 Number of Slice Registers:               3  out of  11440     0%  
 Number of Slice LUTs:                    8  out of   5720     0%  
    Number used as Logic:                 8  out of   5720     0%  

Slice Logic Distribution: 
 Number of LUT Flip Flop pairs used:     11
   Number with an unused Flip Flop:       8  out of     11    72%  
   Number with an unused LUT:             3  out of     11    27%  
   Number of fully used LUT-FF pairs:     0  out of     11     0%  
   Number of unique control sets:         1

IO Utilization: 
 Number of IOs:                           5
 Number of bonded IOBs:                   5  out of    102     4%  

Specific Feature Utilization:
 Number of BUFG/BUFGCTRLs:                1  out of     16     6%  

---------------------------
Partition Resource Summary:
---------------------------

  No Partitions were found in this design.

---------------------------


=========================================================================
Timing Report

NOTE: THESE TIMING NUMBERS ARE ONLY A SYNTHESIS ESTIMATE.
      FOR ACCURATE TIMING INFORMATION PLEASE REFER TO THE TRACE REPORT
      GENERATED AFTER PLACE-and-ROUTE.

Clock Information:
------------------
-----------------------------------+------------------------+-------+
Clock Signal                       | Clock buffer(FF name)  | Load  |
-----------------------------------+------------------------+-------+
CKHT                               | BUFGP                  | 3     |
-----------------------------------+------------------------+-------+

Asynchronous Control Signals Information:
----------------------------------------
No asynchronous control signals found in this design

Timing Summary:
---------------
Speed Grade: -3

   Minimum period: 2.078ns (Maximum Frequency: 481.325MHz)
   Minimum input arrival time before clock: 3.087ns
   Maximum output required time after clock: 4.775ns
   Maximum combinational path delay: No path found

Timing Details:
---------------
All values displayed in nanoseconds (ns)

=========================================================================
Timing constraint: Default period analysis for Clock 'CKHT'
  Clock period: 2.078ns (frequency: 481.325MHz)
  Total number of paths / destination ports: 6 / 3
-------------------------------------------------------------------------
Delay:               2.078ns (Levels of Logic = 1)
  Source:            tt_reg_0 (FF)
  Destination:       tt_reg_0 (FF)
  Source Clock:      CKHT falling
  Destination Clock: CKHT falling

  Data Path: tt_reg_0 to tt_reg_0
                                Gate     Net
    Cell:in->out      fanout   Delay   Delay  Logical Name (Net Name)
    ----------------------------------------  ------------
     FDC:C->Q              6   0.447   0.744  tt_reg_0 (tt_reg_0)
     INV:I->O              1   0.206   0.579  Mcount_tt_reg_xor<0>11_INV_0 (Result<0>)
     FDC:D                     0.102          tt_reg_0
    ----------------------------------------
    Total                      2.078ns (0.755ns logic, 1.323ns route)
                                       (36.3% logic, 63.7% route)

=========================================================================
Timing constraint: Default OFFSET IN BEFORE for Clock 'CKHT'
  Total number of paths / destination ports: 3 / 3
-------------------------------------------------------------------------
Offset:              3.087ns (Levels of Logic = 2)
  Source:            rst (PAD)
  Destination:       tt_reg_0 (FF)
  Destination Clock: CKHT falling

  Data Path: rst to tt_reg_0
                                Gate     Net
    Cell:in->out      fanout   Delay   Delay  Logical Name (Net Name)
    ----------------------------------------  ------------
     IBUF:I->O             1   1.222   0.579  rst_IBUF (rst_IBUF)
     INV:I->O              3   0.206   0.650  rst_inv1_INV_0 (rst_inv)
     FDC:CLR                   0.430          tt_reg_0
    ----------------------------------------
    Total                      3.087ns (1.858ns logic, 1.229ns route)
                                       (60.2% logic, 39.8% route)

=========================================================================
Timing constraint: Default OFFSET OUT AFTER for Clock 'CKHT'
  Total number of paths / destination ports: 9 / 3
-------------------------------------------------------------------------
Offset:              4.775ns (Levels of Logic = 2)
  Source:            tt_reg_0 (FF)
  Destination:       led<2> (PAD)
  Source Clock:      CKHT falling

  Data Path: tt_reg_0 to led<2>
                                Gate     Net
    Cell:in->out      fanout   Delay   Delay  Logical Name (Net Name)
    ----------------------------------------  ------------
     FDC:C->Q              6   0.447   0.973  tt_reg_0 (tt_reg_0)
     LUT3:I0->O            1   0.205   0.579  Mram_led21 (led_2_OBUF)
     OBUF:I->O                 2.571          led_2_OBUF (led<2>)
    ----------------------------------------
    Total                      4.775ns (3.223ns logic, 1.552ns route)
                                       (67.5% logic, 32.5% route)

=========================================================================

Cross Clock Domains Report:
--------------------------

Clock to Setup on destination clock CKHT
---------------+---------+---------+---------+---------+
               | Src:Rise| Src:Fall| Src:Rise| Src:Fall|
Source Clock   |Dest:Rise|Dest:Rise|Dest:Fall|Dest:Fall|
---------------+---------+---------+---------+---------+
CKHT           |         |         |    2.078|         |
---------------+---------+---------+---------+---------+

=========================================================================


Total REAL time to Xst completion: 3.00 secs
Total CPU time to Xst completion: 3.20 secs
 
--> 

Total memory usage is 4487420 kilobytes

Number of errors   :    0 (   0 filtered)
Number of warnings :    0 (   0 filtered)
Number of infos    :    1 (   0 filtered)

